<?xml version="1.0" encoding="UTF-8"?>
<!-- Generated by org.testng.reporters.JUnitXMLReporter -->
<testsuite ignored="70" hostname="Amans-MacBook-Pro-2.local" failures="0" tests="184" name="Regression Test Flows" time="0.592" errors="0" timestamp="2023-03-17T01:22:17 GMT-04:00">
  <testcase classname="com.sf.base.TestBase" name="@BeforeClass setUp" time="0.038">
    <failure type="java.lang.IllegalStateException" message="The path to the driver executable The path to the driver executable must be set by the webdriver.chrome.driver system property; for more information, see https://chromedriver.chromium.org/. The latest version can be downloaded from https://chromedriver.chromium.org/downloads">
      <![CDATA[java.lang.IllegalStateException: The path to the driver executable The path to the driver executable must be set by the webdriver.chrome.driver system property; for more information, see https://chromedriver.chromium.org/. The latest version can be downloaded from https://chromedriver.chromium.org/downloads
at org.openqa.selenium.internal.Require$StateChecker.nonNull(Require.java:311)
at org.openqa.selenium.remote.service.DriverService.findExecutable(DriverService.java:135)
at org.openqa.selenium.chrome.ChromeDriverService.access$000(ChromeDriverService.java:39)
at org.openqa.selenium.chrome.ChromeDriverService$Builder.findDefaultExecutable(ChromeDriverService.java:233)
at org.openqa.selenium.remote.service.DriverService$Builder.build(DriverService.java:437)
at org.openqa.selenium.chrome.ChromeDriverService.createServiceWithConfig(ChromeDriverService.java:142)
at org.openqa.selenium.chrome.ChromeDriver.<init>(ChromeDriver.java:70)
at com.sf.base.TestBase.executionBrowser(TestBase.java:256)
at com.sf.base.TestBase.setUp(TestBase.java:211)
at java.base/java.util.ArrayList.forEach(ArrayList.java:1511)
... Removed 28 stack frames]]>
    </failure>
  </testcase> <!-- @BeforeClass setUp -->
  <testcase classname="com.sf.base.TestBase" name="@AfterMethod tearDown" time="-1.679030537201E9">
    <skipped/>
  </testcase> <!-- @AfterMethod tearDown -->
  <testcase classname="com.sf.base.TestBase" name="@AfterClass tearDown" time="-1.67903053721E9">
    <skipped/>
  </testcase> <!-- @AfterClass tearDown -->
  <testcase classname="com.sf.base.TestBase" name="@BeforeClass setUp" time="0.002">
    <failure type="java.lang.IllegalStateException" message="The path to the driver executable The path to the driver executable must be set by the webdriver.chrome.driver system property; for more information, see https://chromedriver.chromium.org/. The latest version can be downloaded from https://chromedriver.chromium.org/downloads">
      <![CDATA[java.lang.IllegalStateException: The path to the driver executable The path to the driver executable must be set by the webdriver.chrome.driver system property; for more information, see https://chromedriver.chromium.org/. The latest version can be downloaded from https://chromedriver.chromium.org/downloads
at org.openqa.selenium.internal.Require$StateChecker.nonNull(Require.java:311)
at org.openqa.selenium.remote.service.DriverService.findExecutable(DriverService.java:135)
at org.openqa.selenium.chrome.ChromeDriverService.access$000(ChromeDriverService.java:39)
at org.openqa.selenium.chrome.ChromeDriverService$Builder.findDefaultExecutable(ChromeDriverService.java:233)
at org.openqa.selenium.remote.service.DriverService$Builder.build(DriverService.java:437)
at org.openqa.selenium.chrome.ChromeDriverService.createServiceWithConfig(ChromeDriverService.java:142)
at org.openqa.selenium.chrome.ChromeDriver.<init>(ChromeDriver.java:70)
at com.sf.base.TestBase.executionBrowser(TestBase.java:256)
at com.sf.base.TestBase.setUp(TestBase.java:211)
at java.base/java.util.ArrayList.forEach(ArrayList.java:1511)
... Removed 28 stack frames]]>
    </failure>
  </testcase> <!-- @BeforeClass setUp -->
  <testcase classname="com.sf.base.TestBase" name="@AfterMethod tearDown" time="-1.679030537236E9">
    <skipped/>
  </testcase> <!-- @AfterMethod tearDown -->
  <testcase classname="com.sf.base.TestBase" name="@AfterClass tearDown" time="-1.679030537243E9">
    <skipped/>
  </testcase> <!-- @AfterClass tearDown -->
  <testcase classname="com.sf.base.TestBase" name="@BeforeClass setUp" time="0.002">
    <failure type="java.lang.IllegalStateException" message="The path to the driver executable The path to the driver executable must be set by the webdriver.chrome.driver system property; for more information, see https://chromedriver.chromium.org/. The latest version can be downloaded from https://chromedriver.chromium.org/downloads">
      <![CDATA[java.lang.IllegalStateException: The path to the driver executable The path to the driver executable must be set by the webdriver.chrome.driver system property; for more information, see https://chromedriver.chromium.org/. The latest version can be downloaded from https://chromedriver.chromium.org/downloads
at org.openqa.selenium.internal.Require$StateChecker.nonNull(Require.java:311)
at org.openqa.selenium.remote.service.DriverService.findExecutable(DriverService.java:135)
at org.openqa.selenium.chrome.ChromeDriverService.access$000(ChromeDriverService.java:39)
at org.openqa.selenium.chrome.ChromeDriverService$Builder.findDefaultExecutable(ChromeDriverService.java:233)
at org.openqa.selenium.remote.service.DriverService$Builder.build(DriverService.java:437)
at org.openqa.selenium.chrome.ChromeDriverService.createServiceWithConfig(ChromeDriverService.java:142)
at org.openqa.selenium.chrome.ChromeDriver.<init>(ChromeDriver.java:70)
at com.sf.base.TestBase.executionBrowser(TestBase.java:256)
at com.sf.base.TestBase.setUp(TestBase.java:211)
at java.base/java.util.ArrayList.forEach(ArrayList.java:1511)
... Removed 28 stack frames]]>
    </failure>
  </testcase> <!-- @BeforeClass setUp -->
  <testcase classname="com.sf.base.TestBase" name="@AfterMethod tearDown" time="-1.679030537258E9">
    <skipped/>
  </testcase> <!-- @AfterMethod tearDown -->
  <testcase classname="com.sf.base.TestBase" name="@AfterClass tearDown" time="-1.679030537259E9">
    <skipped/>
  </testcase> <!-- @AfterClass tearDown -->
  <testcase classname="com.sf.base.TestBase" name="@BeforeClass setUp" time="0.002">
    <failure type="java.lang.IllegalStateException" message="The path to the driver executable The path to the driver executable must be set by the webdriver.chrome.driver system property; for more information, see https://chromedriver.chromium.org/. The latest version can be downloaded from https://chromedriver.chromium.org/downloads">
      <![CDATA[java.lang.IllegalStateException: The path to the driver executable The path to the driver executable must be set by the webdriver.chrome.driver system property; for more information, see https://chromedriver.chromium.org/. The latest version can be downloaded from https://chromedriver.chromium.org/downloads
at org.openqa.selenium.internal.Require$StateChecker.nonNull(Require.java:311)
at org.openqa.selenium.remote.service.DriverService.findExecutable(DriverService.java:135)
at org.openqa.selenium.chrome.ChromeDriverService.access$000(ChromeDriverService.java:39)
at org.openqa.selenium.chrome.ChromeDriverService$Builder.findDefaultExecutable(ChromeDriverService.java:233)
at org.openqa.selenium.remote.service.DriverService$Builder.build(DriverService.java:437)
at org.openqa.selenium.chrome.ChromeDriverService.createServiceWithConfig(ChromeDriverService.java:142)
at org.openqa.selenium.chrome.ChromeDriver.<init>(ChromeDriver.java:70)
at com.sf.base.TestBase.executionBrowser(TestBase.java:256)
at com.sf.base.TestBase.setUp(TestBase.java:211)
at java.base/java.util.ArrayList.forEach(ArrayList.java:1511)
... Removed 28 stack frames]]>
    </failure>
  </testcase> <!-- @BeforeClass setUp -->
  <testcase classname="com.sf.base.TestBase" name="@AfterMethod tearDown" time="-1.67903053727E9">
    <skipped/>
  </testcase> <!-- @AfterMethod tearDown -->
  <testcase classname="com.sf.base.TestBase" name="@AfterClass tearDown" time="-1.679030537273E9">
    <skipped/>
  </testcase> <!-- @AfterClass tearDown -->
  <testcase classname="com.sf.base.TestBase" name="@BeforeClass setUp" time="0.0">
    <failure type="java.lang.IllegalStateException" message="The path to the driver executable The path to the driver executable must be set by the webdriver.chrome.driver system property; for more information, see https://chromedriver.chromium.org/. The latest version can be downloaded from https://chromedriver.chromium.org/downloads">
      <![CDATA[java.lang.IllegalStateException: The path to the driver executable The path to the driver executable must be set by the webdriver.chrome.driver system property; for more information, see https://chromedriver.chromium.org/. The latest version can be downloaded from https://chromedriver.chromium.org/downloads
at org.openqa.selenium.internal.Require$StateChecker.nonNull(Require.java:311)
at org.openqa.selenium.remote.service.DriverService.findExecutable(DriverService.java:135)
at org.openqa.selenium.chrome.ChromeDriverService.access$000(ChromeDriverService.java:39)
at org.openqa.selenium.chrome.ChromeDriverService$Builder.findDefaultExecutable(ChromeDriverService.java:233)
at org.openqa.selenium.remote.service.DriverService$Builder.build(DriverService.java:437)
at org.openqa.selenium.chrome.ChromeDriverService.createServiceWithConfig(ChromeDriverService.java:142)
at org.openqa.selenium.chrome.ChromeDriver.<init>(ChromeDriver.java:70)
at com.sf.base.TestBase.executionBrowser(TestBase.java:256)
at com.sf.base.TestBase.setUp(TestBase.java:211)
at java.base/java.util.ArrayList.forEach(ArrayList.java:1511)
... Removed 28 stack frames]]>
    </failure>
  </testcase> <!-- @BeforeClass setUp -->
  <testcase classname="com.sf.base.TestBase" name="@AfterMethod tearDown" time="-1.67903053728E9">
    <skipped/>
  </testcase> <!-- @AfterMethod tearDown -->
  <testcase classname="com.sf.base.TestBase" name="@AfterClass tearDown" time="-1.679030537282E9">
    <skipped/>
  </testcase> <!-- @AfterClass tearDown -->
  <testcase classname="com.sf.base.TestBase" name="@BeforeClass setUp" time="0.002">
    <failure type="java.lang.IllegalStateException" message="The path to the driver executable The path to the driver executable must be set by the webdriver.chrome.driver system property; for more information, see https://chromedriver.chromium.org/. The latest version can be downloaded from https://chromedriver.chromium.org/downloads">
      <![CDATA[java.lang.IllegalStateException: The path to the driver executable The path to the driver executable must be set by the webdriver.chrome.driver system property; for more information, see https://chromedriver.chromium.org/. The latest version can be downloaded from https://chromedriver.chromium.org/downloads
at org.openqa.selenium.internal.Require$StateChecker.nonNull(Require.java:311)
at org.openqa.selenium.remote.service.DriverService.findExecutable(DriverService.java:135)
at org.openqa.selenium.chrome.ChromeDriverService.access$000(ChromeDriverService.java:39)
at org.openqa.selenium.chrome.ChromeDriverService$Builder.findDefaultExecutable(ChromeDriverService.java:233)
at org.openqa.selenium.remote.service.DriverService$Builder.build(DriverService.java:437)
at org.openqa.selenium.chrome.ChromeDriverService.createServiceWithConfig(ChromeDriverService.java:142)
at org.openqa.selenium.chrome.ChromeDriver.<init>(ChromeDriver.java:70)
at com.sf.base.TestBase.executionBrowser(TestBase.java:256)
at com.sf.base.TestBase.setUp(TestBase.java:211)
at java.base/java.util.ArrayList.forEach(ArrayList.java:1511)
... Removed 28 stack frames]]>
    </failure>
  </testcase> <!-- @BeforeClass setUp -->
  <testcase classname="com.sf.base.TestBase" name="@AfterMethod tearDown" time="-1.679030537289E9">
    <skipped/>
  </testcase> <!-- @AfterMethod tearDown -->
  <testcase classname="com.sf.base.TestBase" name="@AfterClass tearDown" time="-1.67903053729E9">
    <skipped/>
  </testcase> <!-- @AfterClass tearDown -->
  <testcase classname="com.sf.base.TestBase" name="@BeforeClass setUp" time="0.003">
    <failure type="java.lang.IllegalStateException" message="The path to the driver executable The path to the driver executable must be set by the webdriver.chrome.driver system property; for more information, see https://chromedriver.chromium.org/. The latest version can be downloaded from https://chromedriver.chromium.org/downloads">
      <![CDATA[java.lang.IllegalStateException: The path to the driver executable The path to the driver executable must be set by the webdriver.chrome.driver system property; for more information, see https://chromedriver.chromium.org/. The latest version can be downloaded from https://chromedriver.chromium.org/downloads
at org.openqa.selenium.internal.Require$StateChecker.nonNull(Require.java:311)
at org.openqa.selenium.remote.service.DriverService.findExecutable(DriverService.java:135)
at org.openqa.selenium.chrome.ChromeDriverService.access$000(ChromeDriverService.java:39)
at org.openqa.selenium.chrome.ChromeDriverService$Builder.findDefaultExecutable(ChromeDriverService.java:233)
at org.openqa.selenium.remote.service.DriverService$Builder.build(DriverService.java:437)
at org.openqa.selenium.chrome.ChromeDriverService.createServiceWithConfig(ChromeDriverService.java:142)
at org.openqa.selenium.chrome.ChromeDriver.<init>(ChromeDriver.java:70)
at com.sf.base.TestBase.executionBrowser(TestBase.java:256)
at com.sf.base.TestBase.setUp(TestBase.java:211)
at java.base/java.util.ArrayList.forEach(ArrayList.java:1511)
... Removed 28 stack frames]]>
    </failure>
  </testcase> <!-- @BeforeClass setUp -->
  <testcase classname="com.sf.base.TestBase" name="@AfterMethod tearDown" time="-1.679030537302E9">
    <skipped/>
  </testcase> <!-- @AfterMethod tearDown -->
  <testcase classname="com.sf.base.TestBase" name="@AfterClass tearDown" time="-1.679030537309E9">
    <skipped/>
  </testcase> <!-- @AfterClass tearDown -->
  <testcase classname="com.sf.base.TestBase" name="@BeforeClass setUp" time="0.002">
    <failure type="java.lang.IllegalStateException" message="The path to the driver executable The path to the driver executable must be set by the webdriver.chrome.driver system property; for more information, see https://chromedriver.chromium.org/. The latest version can be downloaded from https://chromedriver.chromium.org/downloads">
      <![CDATA[java.lang.IllegalStateException: The path to the driver executable The path to the driver executable must be set by the webdriver.chrome.driver system property; for more information, see https://chromedriver.chromium.org/. The latest version can be downloaded from https://chromedriver.chromium.org/downloads
at org.openqa.selenium.internal.Require$StateChecker.nonNull(Require.java:311)
at org.openqa.selenium.remote.service.DriverService.findExecutable(DriverService.java:135)
at org.openqa.selenium.chrome.ChromeDriverService.access$000(ChromeDriverService.java:39)
at org.openqa.selenium.chrome.ChromeDriverService$Builder.findDefaultExecutable(ChromeDriverService.java:233)
at org.openqa.selenium.remote.service.DriverService$Builder.build(DriverService.java:437)
at org.openqa.selenium.chrome.ChromeDriverService.createServiceWithConfig(ChromeDriverService.java:142)
at org.openqa.selenium.chrome.ChromeDriver.<init>(ChromeDriver.java:70)
at com.sf.base.TestBase.executionBrowser(TestBase.java:256)
at com.sf.base.TestBase.setUp(TestBase.java:211)
at java.base/java.util.ArrayList.forEach(ArrayList.java:1511)
... Removed 28 stack frames]]>
    </failure>
  </testcase> <!-- @BeforeClass setUp -->
  <testcase classname="com.sf.base.TestBase" name="@AfterMethod tearDown" time="-1.679030537321E9">
    <skipped/>
  </testcase> <!-- @AfterMethod tearDown -->
  <testcase classname="com.sf.base.TestBase" name="@AfterClass tearDown" time="-1.679030537336E9">
    <skipped/>
  </testcase> <!-- @AfterClass tearDown -->
  <testcase classname="com.sf.base.TestBase" name="@BeforeClass setUp" time="0.002">
    <failure type="java.lang.IllegalStateException" message="The path to the driver executable The path to the driver executable must be set by the webdriver.chrome.driver system property; for more information, see https://chromedriver.chromium.org/. The latest version can be downloaded from https://chromedriver.chromium.org/downloads">
      <![CDATA[java.lang.IllegalStateException: The path to the driver executable The path to the driver executable must be set by the webdriver.chrome.driver system property; for more information, see https://chromedriver.chromium.org/. The latest version can be downloaded from https://chromedriver.chromium.org/downloads
at org.openqa.selenium.internal.Require$StateChecker.nonNull(Require.java:311)
at org.openqa.selenium.remote.service.DriverService.findExecutable(DriverService.java:135)
at org.openqa.selenium.chrome.ChromeDriverService.access$000(ChromeDriverService.java:39)
at org.openqa.selenium.chrome.ChromeDriverService$Builder.findDefaultExecutable(ChromeDriverService.java:233)
at org.openqa.selenium.remote.service.DriverService$Builder.build(DriverService.java:437)
at org.openqa.selenium.chrome.ChromeDriverService.createServiceWithConfig(ChromeDriverService.java:142)
at org.openqa.selenium.chrome.ChromeDriver.<init>(ChromeDriver.java:70)
at com.sf.base.TestBase.executionBrowser(TestBase.java:256)
at com.sf.base.TestBase.setUp(TestBase.java:211)
at java.base/java.util.ArrayList.forEach(ArrayList.java:1511)
... Removed 28 stack frames]]>
    </failure>
  </testcase> <!-- @BeforeClass setUp -->
  <testcase classname="com.sf.base.TestBase" name="@AfterMethod tearDown" time="-1.679030537352E9">
    <skipped/>
  </testcase> <!-- @AfterMethod tearDown -->
  <testcase classname="com.sf.base.TestBase" name="@AfterClass tearDown" time="-1.679030537353E9">
    <skipped/>
  </testcase> <!-- @AfterClass tearDown -->
  <testcase classname="com.sf.base.TestBase" name="@BeforeClass setUp" time="0.001">
    <failure type="java.lang.IllegalStateException" message="The path to the driver executable The path to the driver executable must be set by the webdriver.chrome.driver system property; for more information, see https://chromedriver.chromium.org/. The latest version can be downloaded from https://chromedriver.chromium.org/downloads">
      <![CDATA[java.lang.IllegalStateException: The path to the driver executable The path to the driver executable must be set by the webdriver.chrome.driver system property; for more information, see https://chromedriver.chromium.org/. The latest version can be downloaded from https://chromedriver.chromium.org/downloads
at org.openqa.selenium.internal.Require$StateChecker.nonNull(Require.java:311)
at org.openqa.selenium.remote.service.DriverService.findExecutable(DriverService.java:135)
at org.openqa.selenium.chrome.ChromeDriverService.access$000(ChromeDriverService.java:39)
at org.openqa.selenium.chrome.ChromeDriverService$Builder.findDefaultExecutable(ChromeDriverService.java:233)
at org.openqa.selenium.remote.service.DriverService$Builder.build(DriverService.java:437)
at org.openqa.selenium.chrome.ChromeDriverService.createServiceWithConfig(ChromeDriverService.java:142)
at org.openqa.selenium.chrome.ChromeDriver.<init>(ChromeDriver.java:70)
at com.sf.base.TestBase.executionBrowser(TestBase.java:256)
at com.sf.base.TestBase.setUp(TestBase.java:211)
at java.base/java.util.ArrayList.forEach(ArrayList.java:1511)
... Removed 28 stack frames]]>
    </failure>
  </testcase> <!-- @BeforeClass setUp -->
  <testcase classname="com.sf.base.TestBase" name="@AfterMethod tearDown" time="-1.679030537362E9">
    <skipped/>
  </testcase> <!-- @AfterMethod tearDown -->
  <testcase classname="com.sf.base.TestBase" name="@AfterMethod tearDown" time="-1.679030537362E9">
    <skipped/>
  </testcase> <!-- @AfterMethod tearDown -->
  <testcase classname="com.sf.base.TestBase" name="@AfterMethod tearDown" time="-1.679030537364E9">
    <skipped/>
  </testcase> <!-- @AfterMethod tearDown -->
  <testcase classname="com.sf.base.TestBase" name="@AfterClass tearDown" time="-1.679030537369E9">
    <skipped/>
  </testcase> <!-- @AfterClass tearDown -->
  <testcase classname="com.sf.base.TestBase" name="@BeforeClass setUp" time="0.003">
    <failure type="java.lang.IllegalStateException" message="The path to the driver executable The path to the driver executable must be set by the webdriver.chrome.driver system property; for more information, see https://chromedriver.chromium.org/. The latest version can be downloaded from https://chromedriver.chromium.org/downloads">
      <![CDATA[java.lang.IllegalStateException: The path to the driver executable The path to the driver executable must be set by the webdriver.chrome.driver system property; for more information, see https://chromedriver.chromium.org/. The latest version can be downloaded from https://chromedriver.chromium.org/downloads
at org.openqa.selenium.internal.Require$StateChecker.nonNull(Require.java:311)
at org.openqa.selenium.remote.service.DriverService.findExecutable(DriverService.java:135)
at org.openqa.selenium.chrome.ChromeDriverService.access$000(ChromeDriverService.java:39)
at org.openqa.selenium.chrome.ChromeDriverService$Builder.findDefaultExecutable(ChromeDriverService.java:233)
at org.openqa.selenium.remote.service.DriverService$Builder.build(DriverService.java:437)
at org.openqa.selenium.chrome.ChromeDriverService.createServiceWithConfig(ChromeDriverService.java:142)
at org.openqa.selenium.chrome.ChromeDriver.<init>(ChromeDriver.java:70)
at com.sf.base.TestBase.executionBrowser(TestBase.java:256)
at com.sf.base.TestBase.setUp(TestBase.java:211)
at java.base/java.util.ArrayList.forEach(ArrayList.java:1511)
... Removed 28 stack frames]]>
    </failure>
  </testcase> <!-- @BeforeClass setUp -->
  <testcase classname="com.sf.base.TestBase" name="@AfterMethod tearDown" time="-1.679030537381E9">
    <skipped/>
  </testcase> <!-- @AfterMethod tearDown -->
  <testcase classname="com.sf.base.TestBase" name="@AfterMethod tearDown" time="-1.679030537381E9">
    <skipped/>
  </testcase> <!-- @AfterMethod tearDown -->
  <testcase classname="com.sf.base.TestBase" name="@AfterMethod tearDown" time="-1.679030537382E9">
    <skipped/>
  </testcase> <!-- @AfterMethod tearDown -->
  <testcase classname="com.sf.base.TestBase" name="@AfterClass tearDown" time="-1.679030537386E9">
    <skipped/>
  </testcase> <!-- @AfterClass tearDown -->
  <testcase classname="com.sf.base.TestBase" name="@BeforeClass setUp" time="0.002">
    <failure type="java.lang.IllegalStateException" message="The path to the driver executable The path to the driver executable must be set by the webdriver.chrome.driver system property; for more information, see https://chromedriver.chromium.org/. The latest version can be downloaded from https://chromedriver.chromium.org/downloads">
      <![CDATA[java.lang.IllegalStateException: The path to the driver executable The path to the driver executable must be set by the webdriver.chrome.driver system property; for more information, see https://chromedriver.chromium.org/. The latest version can be downloaded from https://chromedriver.chromium.org/downloads
at org.openqa.selenium.internal.Require$StateChecker.nonNull(Require.java:311)
at org.openqa.selenium.remote.service.DriverService.findExecutable(DriverService.java:135)
at org.openqa.selenium.chrome.ChromeDriverService.access$000(ChromeDriverService.java:39)
at org.openqa.selenium.chrome.ChromeDriverService$Builder.findDefaultExecutable(ChromeDriverService.java:233)
at org.openqa.selenium.remote.service.DriverService$Builder.build(DriverService.java:437)
at org.openqa.selenium.chrome.ChromeDriverService.createServiceWithConfig(ChromeDriverService.java:142)
at org.openqa.selenium.chrome.ChromeDriver.<init>(ChromeDriver.java:70)
at com.sf.base.TestBase.executionBrowser(TestBase.java:256)
at com.sf.base.TestBase.setUp(TestBase.java:211)
at java.base/java.util.ArrayList.forEach(ArrayList.java:1511)
... Removed 28 stack frames]]>
    </failure>
  </testcase> <!-- @BeforeClass setUp -->
  <testcase classname="com.sf.base.TestBase" name="@AfterMethod tearDown" time="-1.679030537396E9">
    <skipped/>
  </testcase> <!-- @AfterMethod tearDown -->
  <testcase classname="com.sf.base.TestBase" name="@AfterClass tearDown" time="-1.679030537398E9">
    <skipped/>
  </testcase> <!-- @AfterClass tearDown -->
  <testcase classname="com.sf.base.TestBase" name="@BeforeClass setUp" time="0.001">
    <failure type="java.lang.IllegalStateException" message="The path to the driver executable The path to the driver executable must be set by the webdriver.chrome.driver system property; for more information, see https://chromedriver.chromium.org/. The latest version can be downloaded from https://chromedriver.chromium.org/downloads">
      <![CDATA[java.lang.IllegalStateException: The path to the driver executable The path to the driver executable must be set by the webdriver.chrome.driver system property; for more information, see https://chromedriver.chromium.org/. The latest version can be downloaded from https://chromedriver.chromium.org/downloads
at org.openqa.selenium.internal.Require$StateChecker.nonNull(Require.java:311)
at org.openqa.selenium.remote.service.DriverService.findExecutable(DriverService.java:135)
at org.openqa.selenium.chrome.ChromeDriverService.access$000(ChromeDriverService.java:39)
at org.openqa.selenium.chrome.ChromeDriverService$Builder.findDefaultExecutable(ChromeDriverService.java:233)
at org.openqa.selenium.remote.service.DriverService$Builder.build(DriverService.java:437)
at org.openqa.selenium.chrome.ChromeDriverService.createServiceWithConfig(ChromeDriverService.java:142)
at org.openqa.selenium.chrome.ChromeDriver.<init>(ChromeDriver.java:70)
at com.sf.base.TestBase.executionBrowser(TestBase.java:256)
at com.sf.base.TestBase.setUp(TestBase.java:211)
at java.base/java.util.ArrayList.forEach(ArrayList.java:1511)
... Removed 28 stack frames]]>
    </failure>
  </testcase> <!-- @BeforeClass setUp -->
  <testcase classname="com.sf.base.TestBase" name="@AfterMethod tearDown" time="-1.679030537402E9">
    <skipped/>
  </testcase> <!-- @AfterMethod tearDown -->
  <testcase classname="com.sf.base.TestBase" name="@AfterClass tearDown" time="-1.679030537403E9">
    <skipped/>
  </testcase> <!-- @AfterClass tearDown -->
  <testcase classname="com.sf.base.TestBase" name="@BeforeClass setUp" time="0.0">
    <failure type="java.lang.IllegalStateException" message="The path to the driver executable The path to the driver executable must be set by the webdriver.chrome.driver system property; for more information, see https://chromedriver.chromium.org/. The latest version can be downloaded from https://chromedriver.chromium.org/downloads">
      <![CDATA[java.lang.IllegalStateException: The path to the driver executable The path to the driver executable must be set by the webdriver.chrome.driver system property; for more information, see https://chromedriver.chromium.org/. The latest version can be downloaded from https://chromedriver.chromium.org/downloads
at org.openqa.selenium.internal.Require$StateChecker.nonNull(Require.java:311)
at org.openqa.selenium.remote.service.DriverService.findExecutable(DriverService.java:135)
at org.openqa.selenium.chrome.ChromeDriverService.access$000(ChromeDriverService.java:39)
at org.openqa.selenium.chrome.ChromeDriverService$Builder.findDefaultExecutable(ChromeDriverService.java:233)
at org.openqa.selenium.remote.service.DriverService$Builder.build(DriverService.java:437)
at org.openqa.selenium.chrome.ChromeDriverService.createServiceWithConfig(ChromeDriverService.java:142)
at org.openqa.selenium.chrome.ChromeDriver.<init>(ChromeDriver.java:70)
at com.sf.base.TestBase.executionBrowser(TestBase.java:256)
at com.sf.base.TestBase.setUp(TestBase.java:211)
at java.base/java.util.ArrayList.forEach(ArrayList.java:1511)
... Removed 28 stack frames]]>
    </failure>
  </testcase> <!-- @BeforeClass setUp -->
  <testcase classname="com.sf.base.TestBase" name="@AfterMethod tearDown" time="-1.679030537405E9">
    <skipped/>
  </testcase> <!-- @AfterMethod tearDown -->
  <testcase classname="com.sf.base.TestBase" name="@AfterClass tearDown" time="-1.679030537406E9">
    <skipped/>
  </testcase> <!-- @AfterClass tearDown -->
  <testcase classname="com.sf.base.TestBase" name="@BeforeClass setUp" time="0.0">
    <failure type="java.lang.IllegalStateException" message="The path to the driver executable The path to the driver executable must be set by the webdriver.chrome.driver system property; for more information, see https://chromedriver.chromium.org/. The latest version can be downloaded from https://chromedriver.chromium.org/downloads">
      <![CDATA[java.lang.IllegalStateException: The path to the driver executable The path to the driver executable must be set by the webdriver.chrome.driver system property; for more information, see https://chromedriver.chromium.org/. The latest version can be downloaded from https://chromedriver.chromium.org/downloads
at org.openqa.selenium.internal.Require$StateChecker.nonNull(Require.java:311)
at org.openqa.selenium.remote.service.DriverService.findExecutable(DriverService.java:135)
at org.openqa.selenium.chrome.ChromeDriverService.access$000(ChromeDriverService.java:39)
at org.openqa.selenium.chrome.ChromeDriverService$Builder.findDefaultExecutable(ChromeDriverService.java:233)
at org.openqa.selenium.remote.service.DriverService$Builder.build(DriverService.java:437)
at org.openqa.selenium.chrome.ChromeDriverService.createServiceWithConfig(ChromeDriverService.java:142)
at org.openqa.selenium.chrome.ChromeDriver.<init>(ChromeDriver.java:70)
at com.sf.base.TestBase.executionBrowser(TestBase.java:256)
at com.sf.base.TestBase.setUp(TestBase.java:211)
at java.base/java.util.ArrayList.forEach(ArrayList.java:1511)
... Removed 28 stack frames]]>
    </failure>
  </testcase> <!-- @BeforeClass setUp -->
  <testcase classname="com.sf.base.TestBase" name="@AfterMethod tearDown" time="-1.679030537412E9">
    <skipped/>
  </testcase> <!-- @AfterMethod tearDown -->
  <testcase classname="com.sf.base.TestBase" name="@AfterClass tearDown" time="-1.679030537412E9">
    <skipped/>
  </testcase> <!-- @AfterClass tearDown -->
  <testcase classname="com.sf.base.TestBase" name="@BeforeClass setUp" time="0.002">
    <failure type="java.lang.IllegalStateException" message="The path to the driver executable The path to the driver executable must be set by the webdriver.chrome.driver system property; for more information, see https://chromedriver.chromium.org/. The latest version can be downloaded from https://chromedriver.chromium.org/downloads">
      <![CDATA[java.lang.IllegalStateException: The path to the driver executable The path to the driver executable must be set by the webdriver.chrome.driver system property; for more information, see https://chromedriver.chromium.org/. The latest version can be downloaded from https://chromedriver.chromium.org/downloads
at org.openqa.selenium.internal.Require$StateChecker.nonNull(Require.java:311)
at org.openqa.selenium.remote.service.DriverService.findExecutable(DriverService.java:135)
at org.openqa.selenium.chrome.ChromeDriverService.access$000(ChromeDriverService.java:39)
at org.openqa.selenium.chrome.ChromeDriverService$Builder.findDefaultExecutable(ChromeDriverService.java:233)
at org.openqa.selenium.remote.service.DriverService$Builder.build(DriverService.java:437)
at org.openqa.selenium.chrome.ChromeDriverService.createServiceWithConfig(ChromeDriverService.java:142)
at org.openqa.selenium.chrome.ChromeDriver.<init>(ChromeDriver.java:70)
at com.sf.base.TestBase.executionBrowser(TestBase.java:256)
at com.sf.base.TestBase.setUp(TestBase.java:211)
at java.base/java.util.ArrayList.forEach(ArrayList.java:1511)
... Removed 28 stack frames]]>
    </failure>
  </testcase> <!-- @BeforeClass setUp -->
  <testcase classname="com.sf.base.TestBase" name="@AfterMethod tearDown" time="-1.679030537424E9">
    <skipped/>
  </testcase> <!-- @AfterMethod tearDown -->
  <testcase classname="com.sf.base.TestBase" name="@AfterClass tearDown" time="-1.679030537425E9">
    <skipped/>
  </testcase> <!-- @AfterClass tearDown -->
  <testcase classname="com.sf.base.TestBase" name="@BeforeClass setUp" time="0.0">
    <failure type="java.lang.IllegalStateException" message="The path to the driver executable The path to the driver executable must be set by the webdriver.chrome.driver system property; for more information, see https://chromedriver.chromium.org/. The latest version can be downloaded from https://chromedriver.chromium.org/downloads">
      <![CDATA[java.lang.IllegalStateException: The path to the driver executable The path to the driver executable must be set by the webdriver.chrome.driver system property; for more information, see https://chromedriver.chromium.org/. The latest version can be downloaded from https://chromedriver.chromium.org/downloads
at org.openqa.selenium.internal.Require$StateChecker.nonNull(Require.java:311)
at org.openqa.selenium.remote.service.DriverService.findExecutable(DriverService.java:135)
at org.openqa.selenium.chrome.ChromeDriverService.access$000(ChromeDriverService.java:39)
at org.openqa.selenium.chrome.ChromeDriverService$Builder.findDefaultExecutable(ChromeDriverService.java:233)
at org.openqa.selenium.remote.service.DriverService$Builder.build(DriverService.java:437)
at org.openqa.selenium.chrome.ChromeDriverService.createServiceWithConfig(ChromeDriverService.java:142)
at org.openqa.selenium.chrome.ChromeDriver.<init>(ChromeDriver.java:70)
at com.sf.base.TestBase.executionBrowser(TestBase.java:256)
at com.sf.base.TestBase.setUp(TestBase.java:211)
at java.base/java.util.ArrayList.forEach(ArrayList.java:1511)
... Removed 27 stack frames]]>
    </failure>
  </testcase> <!-- @BeforeClass setUp -->
  <testcase classname="com.sf.base.TestBase" name="@AfterMethod tearDown" time="-1.679030537428E9">
    <skipped/>
  </testcase> <!-- @AfterMethod tearDown -->
  <testcase classname="com.sf.base.TestBase" name="@AfterClass tearDown" time="-1.679030537432E9">
    <skipped/>
  </testcase> <!-- @AfterClass tearDown -->
  <testcase classname="com.sf.base.TestBase" name="@BeforeClass setUp" time="0.0">
    <failure type="java.lang.IllegalStateException" message="The path to the driver executable The path to the driver executable must be set by the webdriver.chrome.driver system property; for more information, see https://chromedriver.chromium.org/. The latest version can be downloaded from https://chromedriver.chromium.org/downloads">
      <![CDATA[java.lang.IllegalStateException: The path to the driver executable The path to the driver executable must be set by the webdriver.chrome.driver system property; for more information, see https://chromedriver.chromium.org/. The latest version can be downloaded from https://chromedriver.chromium.org/downloads
at org.openqa.selenium.internal.Require$StateChecker.nonNull(Require.java:311)
at org.openqa.selenium.remote.service.DriverService.findExecutable(DriverService.java:135)
at org.openqa.selenium.chrome.ChromeDriverService.access$000(ChromeDriverService.java:39)
at org.openqa.selenium.chrome.ChromeDriverService$Builder.findDefaultExecutable(ChromeDriverService.java:233)
at org.openqa.selenium.remote.service.DriverService$Builder.build(DriverService.java:437)
at org.openqa.selenium.chrome.ChromeDriverService.createServiceWithConfig(ChromeDriverService.java:142)
at org.openqa.selenium.chrome.ChromeDriver.<init>(ChromeDriver.java:70)
at com.sf.base.TestBase.executionBrowser(TestBase.java:256)
at com.sf.base.TestBase.setUp(TestBase.java:211)
at java.base/java.util.ArrayList.forEach(ArrayList.java:1511)
... Removed 27 stack frames]]>
    </failure>
  </testcase> <!-- @BeforeClass setUp -->
  <testcase classname="com.sf.base.TestBase" name="@AfterMethod tearDown" time="-1.679030537436E9">
    <skipped/>
  </testcase> <!-- @AfterMethod tearDown -->
  <testcase classname="com.sf.base.TestBase" name="@AfterClass tearDown" time="-1.679030537441E9">
    <skipped/>
  </testcase> <!-- @AfterClass tearDown -->
  <testcase classname="com.sf.base.TestBase" name="@BeforeClass setUp" time="0.001">
    <failure type="java.lang.IllegalStateException" message="The path to the driver executable The path to the driver executable must be set by the webdriver.chrome.driver system property; for more information, see https://chromedriver.chromium.org/. The latest version can be downloaded from https://chromedriver.chromium.org/downloads">
      <![CDATA[java.lang.IllegalStateException: The path to the driver executable The path to the driver executable must be set by the webdriver.chrome.driver system property; for more information, see https://chromedriver.chromium.org/. The latest version can be downloaded from https://chromedriver.chromium.org/downloads
at org.openqa.selenium.internal.Require$StateChecker.nonNull(Require.java:311)
at org.openqa.selenium.remote.service.DriverService.findExecutable(DriverService.java:135)
at org.openqa.selenium.chrome.ChromeDriverService.access$000(ChromeDriverService.java:39)
at org.openqa.selenium.chrome.ChromeDriverService$Builder.findDefaultExecutable(ChromeDriverService.java:233)
at org.openqa.selenium.remote.service.DriverService$Builder.build(DriverService.java:437)
at org.openqa.selenium.chrome.ChromeDriverService.createServiceWithConfig(ChromeDriverService.java:142)
at org.openqa.selenium.chrome.ChromeDriver.<init>(ChromeDriver.java:70)
at com.sf.base.TestBase.executionBrowser(TestBase.java:256)
at com.sf.base.TestBase.setUp(TestBase.java:211)
at java.base/java.util.ArrayList.forEach(ArrayList.java:1511)
... Removed 27 stack frames]]>
    </failure>
  </testcase> <!-- @BeforeClass setUp -->
  <testcase classname="com.sf.base.TestBase" name="@AfterMethod tearDown" time="-1.679030537448E9">
    <skipped/>
  </testcase> <!-- @AfterMethod tearDown -->
  <testcase classname="com.sf.base.TestBase" name="@AfterClass tearDown" time="-1.67903053745E9">
    <skipped/>
  </testcase> <!-- @AfterClass tearDown -->
  <testcase classname="com.sf.base.TestBase" name="@BeforeClass setUp" time="0.0">
    <failure type="java.lang.IllegalStateException" message="The path to the driver executable The path to the driver executable must be set by the webdriver.chrome.driver system property; for more information, see https://chromedriver.chromium.org/. The latest version can be downloaded from https://chromedriver.chromium.org/downloads">
      <![CDATA[java.lang.IllegalStateException: The path to the driver executable The path to the driver executable must be set by the webdriver.chrome.driver system property; for more information, see https://chromedriver.chromium.org/. The latest version can be downloaded from https://chromedriver.chromium.org/downloads
at org.openqa.selenium.internal.Require$StateChecker.nonNull(Require.java:311)
at org.openqa.selenium.remote.service.DriverService.findExecutable(DriverService.java:135)
at org.openqa.selenium.chrome.ChromeDriverService.access$000(ChromeDriverService.java:39)
at org.openqa.selenium.chrome.ChromeDriverService$Builder.findDefaultExecutable(ChromeDriverService.java:233)
at org.openqa.selenium.remote.service.DriverService$Builder.build(DriverService.java:437)
at org.openqa.selenium.chrome.ChromeDriverService.createServiceWithConfig(ChromeDriverService.java:142)
at org.openqa.selenium.chrome.ChromeDriver.<init>(ChromeDriver.java:70)
at com.sf.base.TestBase.executionBrowser(TestBase.java:256)
at com.sf.base.TestBase.setUp(TestBase.java:211)
at java.base/java.util.ArrayList.forEach(ArrayList.java:1511)
... Removed 27 stack frames]]>
    </failure>
  </testcase> <!-- @BeforeClass setUp -->
  <testcase classname="com.sf.base.TestBase" name="@AfterMethod tearDown" time="-1.679030537455E9">
    <skipped/>
  </testcase> <!-- @AfterMethod tearDown -->
  <testcase classname="com.sf.base.TestBase" name="@AfterClass tearDown" time="-1.679030537458E9">
    <skipped/>
  </testcase> <!-- @AfterClass tearDown -->
  <testcase classname="com.sf.base.TestBase" name="@BeforeClass setUp" time="0.001">
    <failure type="java.lang.IllegalStateException" message="The path to the driver executable The path to the driver executable must be set by the webdriver.chrome.driver system property; for more information, see https://chromedriver.chromium.org/. The latest version can be downloaded from https://chromedriver.chromium.org/downloads">
      <![CDATA[java.lang.IllegalStateException: The path to the driver executable The path to the driver executable must be set by the webdriver.chrome.driver system property; for more information, see https://chromedriver.chromium.org/. The latest version can be downloaded from https://chromedriver.chromium.org/downloads
at org.openqa.selenium.internal.Require$StateChecker.nonNull(Require.java:311)
at org.openqa.selenium.remote.service.DriverService.findExecutable(DriverService.java:135)
at org.openqa.selenium.chrome.ChromeDriverService.access$000(ChromeDriverService.java:39)
at org.openqa.selenium.chrome.ChromeDriverService$Builder.findDefaultExecutable(ChromeDriverService.java:233)
at org.openqa.selenium.remote.service.DriverService$Builder.build(DriverService.java:437)
at org.openqa.selenium.chrome.ChromeDriverService.createServiceWithConfig(ChromeDriverService.java:142)
at org.openqa.selenium.chrome.ChromeDriver.<init>(ChromeDriver.java:70)
at com.sf.base.TestBase.executionBrowser(TestBase.java:256)
at com.sf.base.TestBase.setUp(TestBase.java:211)
at java.base/java.util.ArrayList.forEach(ArrayList.java:1511)
... Removed 27 stack frames]]>
    </failure>
  </testcase> <!-- @BeforeClass setUp -->
  <testcase classname="com.sf.base.TestBase" name="@AfterMethod tearDown" time="-1.679030537469E9">
    <skipped/>
  </testcase> <!-- @AfterMethod tearDown -->
  <testcase classname="com.sf.base.TestBase" name="@AfterClass tearDown" time="-1.679030537472E9">
    <skipped/>
  </testcase> <!-- @AfterClass tearDown -->
  <testcase classname="com.sf.base.TestBase" name="@BeforeClass setUp" time="0.0">
    <failure type="java.lang.IllegalStateException" message="The path to the driver executable The path to the driver executable must be set by the webdriver.chrome.driver system property; for more information, see https://chromedriver.chromium.org/. The latest version can be downloaded from https://chromedriver.chromium.org/downloads">
      <![CDATA[java.lang.IllegalStateException: The path to the driver executable The path to the driver executable must be set by the webdriver.chrome.driver system property; for more information, see https://chromedriver.chromium.org/. The latest version can be downloaded from https://chromedriver.chromium.org/downloads
at org.openqa.selenium.internal.Require$StateChecker.nonNull(Require.java:311)
at org.openqa.selenium.remote.service.DriverService.findExecutable(DriverService.java:135)
at org.openqa.selenium.chrome.ChromeDriverService.access$000(ChromeDriverService.java:39)
at org.openqa.selenium.chrome.ChromeDriverService$Builder.findDefaultExecutable(ChromeDriverService.java:233)
at org.openqa.selenium.remote.service.DriverService$Builder.build(DriverService.java:437)
at org.openqa.selenium.chrome.ChromeDriverService.createServiceWithConfig(ChromeDriverService.java:142)
at org.openqa.selenium.chrome.ChromeDriver.<init>(ChromeDriver.java:70)
at com.sf.base.TestBase.executionBrowser(TestBase.java:256)
at com.sf.base.TestBase.setUp(TestBase.java:211)
at java.base/java.util.ArrayList.forEach(ArrayList.java:1511)
... Removed 27 stack frames]]>
    </failure>
  </testcase> <!-- @BeforeClass setUp -->
  <testcase classname="com.sf.base.TestBase" name="@AfterMethod tearDown" time="-1.679030537478E9">
    <skipped/>
  </testcase> <!-- @AfterMethod tearDown -->
  <testcase classname="com.sf.base.TestBase" name="@AfterClass tearDown" time="-1.679030537479E9">
    <skipped/>
  </testcase> <!-- @AfterClass tearDown -->
  <testcase classname="com.sf.base.TestBase" name="@BeforeClass setUp" time="0.001">
    <failure type="java.lang.IllegalStateException" message="The path to the driver executable The path to the driver executable must be set by the webdriver.chrome.driver system property; for more information, see https://chromedriver.chromium.org/. The latest version can be downloaded from https://chromedriver.chromium.org/downloads">
      <![CDATA[java.lang.IllegalStateException: The path to the driver executable The path to the driver executable must be set by the webdriver.chrome.driver system property; for more information, see https://chromedriver.chromium.org/. The latest version can be downloaded from https://chromedriver.chromium.org/downloads
at org.openqa.selenium.internal.Require$StateChecker.nonNull(Require.java:311)
at org.openqa.selenium.remote.service.DriverService.findExecutable(DriverService.java:135)
at org.openqa.selenium.chrome.ChromeDriverService.access$000(ChromeDriverService.java:39)
at org.openqa.selenium.chrome.ChromeDriverService$Builder.findDefaultExecutable(ChromeDriverService.java:233)
at org.openqa.selenium.remote.service.DriverService$Builder.build(DriverService.java:437)
at org.openqa.selenium.chrome.ChromeDriverService.createServiceWithConfig(ChromeDriverService.java:142)
at org.openqa.selenium.chrome.ChromeDriver.<init>(ChromeDriver.java:70)
at com.sf.base.TestBase.executionBrowser(TestBase.java:256)
at com.sf.base.TestBase.setUp(TestBase.java:211)
at java.base/java.util.ArrayList.forEach(ArrayList.java:1511)
... Removed 27 stack frames]]>
    </failure>
  </testcase> <!-- @BeforeClass setUp -->
  <testcase classname="com.sf.base.TestBase" name="@AfterMethod tearDown" time="-1.679030537483E9">
    <skipped/>
  </testcase> <!-- @AfterMethod tearDown -->
  <testcase classname="com.sf.base.TestBase" name="@AfterClass tearDown" time="-1.679030537484E9">
    <skipped/>
  </testcase> <!-- @AfterClass tearDown -->
  <testcase classname="com.sf.base.TestBase" name="@BeforeClass setUp" time="0.001">
    <failure type="java.lang.IllegalStateException" message="The path to the driver executable The path to the driver executable must be set by the webdriver.chrome.driver system property; for more information, see https://chromedriver.chromium.org/. The latest version can be downloaded from https://chromedriver.chromium.org/downloads">
      <![CDATA[java.lang.IllegalStateException: The path to the driver executable The path to the driver executable must be set by the webdriver.chrome.driver system property; for more information, see https://chromedriver.chromium.org/. The latest version can be downloaded from https://chromedriver.chromium.org/downloads
at org.openqa.selenium.internal.Require$StateChecker.nonNull(Require.java:311)
at org.openqa.selenium.remote.service.DriverService.findExecutable(DriverService.java:135)
at org.openqa.selenium.chrome.ChromeDriverService.access$000(ChromeDriverService.java:39)
at org.openqa.selenium.chrome.ChromeDriverService$Builder.findDefaultExecutable(ChromeDriverService.java:233)
at org.openqa.selenium.remote.service.DriverService$Builder.build(DriverService.java:437)
at org.openqa.selenium.chrome.ChromeDriverService.createServiceWithConfig(ChromeDriverService.java:142)
at org.openqa.selenium.chrome.ChromeDriver.<init>(ChromeDriver.java:70)
at com.sf.base.TestBase.executionBrowser(TestBase.java:256)
at com.sf.base.TestBase.setUp(TestBase.java:211)
at java.base/java.util.ArrayList.forEach(ArrayList.java:1511)
... Removed 27 stack frames]]>
    </failure>
  </testcase> <!-- @BeforeClass setUp -->
  <testcase classname="com.sf.base.TestBase" name="@AfterMethod tearDown" time="-1.67903053749E9">
    <skipped/>
  </testcase> <!-- @AfterMethod tearDown -->
  <testcase classname="com.sf.base.TestBase" name="@AfterClass tearDown" time="-1.679030537496E9">
    <skipped/>
  </testcase> <!-- @AfterClass tearDown -->
  <testcase classname="com.sf.base.TestBase" name="@BeforeClass setUp" time="0.001">
    <failure type="java.lang.IllegalStateException" message="The path to the driver executable The path to the driver executable must be set by the webdriver.chrome.driver system property; for more information, see https://chromedriver.chromium.org/. The latest version can be downloaded from https://chromedriver.chromium.org/downloads">
      <![CDATA[java.lang.IllegalStateException: The path to the driver executable The path to the driver executable must be set by the webdriver.chrome.driver system property; for more information, see https://chromedriver.chromium.org/. The latest version can be downloaded from https://chromedriver.chromium.org/downloads
at org.openqa.selenium.internal.Require$StateChecker.nonNull(Require.java:311)
at org.openqa.selenium.remote.service.DriverService.findExecutable(DriverService.java:135)
at org.openqa.selenium.chrome.ChromeDriverService.access$000(ChromeDriverService.java:39)
at org.openqa.selenium.chrome.ChromeDriverService$Builder.findDefaultExecutable(ChromeDriverService.java:233)
at org.openqa.selenium.remote.service.DriverService$Builder.build(DriverService.java:437)
at org.openqa.selenium.chrome.ChromeDriverService.createServiceWithConfig(ChromeDriverService.java:142)
at org.openqa.selenium.chrome.ChromeDriver.<init>(ChromeDriver.java:70)
at com.sf.base.TestBase.executionBrowser(TestBase.java:256)
at com.sf.base.TestBase.setUp(TestBase.java:211)
at java.base/java.util.ArrayList.forEach(ArrayList.java:1511)
... Removed 27 stack frames]]>
    </failure>
  </testcase> <!-- @BeforeClass setUp -->
  <testcase classname="com.sf.base.TestBase" name="@AfterMethod tearDown" time="-1.679030537503E9">
    <skipped/>
  </testcase> <!-- @AfterMethod tearDown -->
  <testcase classname="com.sf.base.TestBase" name="@AfterClass tearDown" time="-1.679030537515E9">
    <skipped/>
  </testcase> <!-- @AfterClass tearDown -->
  <testcase classname="com.sf.base.TestBase" name="@BeforeClass setUp" time="0.005">
    <failure type="java.lang.IllegalStateException" message="The path to the driver executable The path to the driver executable must be set by the webdriver.chrome.driver system property; for more information, see https://chromedriver.chromium.org/. The latest version can be downloaded from https://chromedriver.chromium.org/downloads">
      <![CDATA[java.lang.IllegalStateException: The path to the driver executable The path to the driver executable must be set by the webdriver.chrome.driver system property; for more information, see https://chromedriver.chromium.org/. The latest version can be downloaded from https://chromedriver.chromium.org/downloads
at org.openqa.selenium.internal.Require$StateChecker.nonNull(Require.java:311)
at org.openqa.selenium.remote.service.DriverService.findExecutable(DriverService.java:135)
at org.openqa.selenium.chrome.ChromeDriverService.access$000(ChromeDriverService.java:39)
at org.openqa.selenium.chrome.ChromeDriverService$Builder.findDefaultExecutable(ChromeDriverService.java:233)
at org.openqa.selenium.remote.service.DriverService$Builder.build(DriverService.java:437)
at org.openqa.selenium.chrome.ChromeDriverService.createServiceWithConfig(ChromeDriverService.java:142)
at org.openqa.selenium.chrome.ChromeDriver.<init>(ChromeDriver.java:70)
at com.sf.base.TestBase.executionBrowser(TestBase.java:256)
at com.sf.base.TestBase.setUp(TestBase.java:211)
at java.base/java.util.ArrayList.forEach(ArrayList.java:1511)
... Removed 27 stack frames]]>
    </failure>
  </testcase> <!-- @BeforeClass setUp -->
  <testcase classname="com.sf.base.TestBase" name="@AfterMethod tearDown" time="-1.679030537541E9">
    <skipped/>
  </testcase> <!-- @AfterMethod tearDown -->
  <testcase classname="com.sf.base.TestBase" name="@AfterClass tearDown" time="-1.679030537543E9">
    <skipped/>
  </testcase> <!-- @AfterClass tearDown -->
  <testcase classname="com.sf.base.TestBase" name="@BeforeClass setUp" time="0.004">
    <failure type="java.lang.IllegalStateException" message="The path to the driver executable The path to the driver executable must be set by the webdriver.chrome.driver system property; for more information, see https://chromedriver.chromium.org/. The latest version can be downloaded from https://chromedriver.chromium.org/downloads">
      <![CDATA[java.lang.IllegalStateException: The path to the driver executable The path to the driver executable must be set by the webdriver.chrome.driver system property; for more information, see https://chromedriver.chromium.org/. The latest version can be downloaded from https://chromedriver.chromium.org/downloads
at org.openqa.selenium.internal.Require$StateChecker.nonNull(Require.java:311)
at org.openqa.selenium.remote.service.DriverService.findExecutable(DriverService.java:135)
at org.openqa.selenium.chrome.ChromeDriverService.access$000(ChromeDriverService.java:39)
at org.openqa.selenium.chrome.ChromeDriverService$Builder.findDefaultExecutable(ChromeDriverService.java:233)
at org.openqa.selenium.remote.service.DriverService$Builder.build(DriverService.java:437)
at org.openqa.selenium.chrome.ChromeDriverService.createServiceWithConfig(ChromeDriverService.java:142)
at org.openqa.selenium.chrome.ChromeDriver.<init>(ChromeDriver.java:70)
at com.sf.base.TestBase.executionBrowser(TestBase.java:256)
at com.sf.base.TestBase.setUp(TestBase.java:211)
at java.base/java.util.ArrayList.forEach(ArrayList.java:1511)
... Removed 27 stack frames]]>
    </failure>
  </testcase> <!-- @BeforeClass setUp -->
  <testcase classname="com.sf.base.TestBase" name="@AfterMethod tearDown" time="-1.679030537574E9">
    <skipped/>
  </testcase> <!-- @AfterMethod tearDown -->
  <testcase classname="com.sf.base.TestBase" name="@AfterClass tearDown" time="-1.679030537582E9">
    <skipped/>
  </testcase> <!-- @AfterClass tearDown -->
  <testcase classname="com.sf.base.TestBase" name="@BeforeClass setUp" time="0.002">
    <failure type="java.lang.IllegalStateException" message="The path to the driver executable The path to the driver executable must be set by the webdriver.chrome.driver system property; for more information, see https://chromedriver.chromium.org/. The latest version can be downloaded from https://chromedriver.chromium.org/downloads">
      <![CDATA[java.lang.IllegalStateException: The path to the driver executable The path to the driver executable must be set by the webdriver.chrome.driver system property; for more information, see https://chromedriver.chromium.org/. The latest version can be downloaded from https://chromedriver.chromium.org/downloads
at org.openqa.selenium.internal.Require$StateChecker.nonNull(Require.java:311)
at org.openqa.selenium.remote.service.DriverService.findExecutable(DriverService.java:135)
at org.openqa.selenium.chrome.ChromeDriverService.access$000(ChromeDriverService.java:39)
at org.openqa.selenium.chrome.ChromeDriverService$Builder.findDefaultExecutable(ChromeDriverService.java:233)
at org.openqa.selenium.remote.service.DriverService$Builder.build(DriverService.java:437)
at org.openqa.selenium.chrome.ChromeDriverService.createServiceWithConfig(ChromeDriverService.java:142)
at org.openqa.selenium.chrome.ChromeDriver.<init>(ChromeDriver.java:70)
at com.sf.base.TestBase.executionBrowser(TestBase.java:256)
at com.sf.base.TestBase.setUp(TestBase.java:211)
at java.base/java.util.ArrayList.forEach(ArrayList.java:1511)
... Removed 27 stack frames]]>
    </failure>
  </testcase> <!-- @BeforeClass setUp -->
  <testcase classname="com.sf.base.TestBase" name="@AfterMethod tearDown" time="-1.679030537611E9">
    <skipped/>
  </testcase> <!-- @AfterMethod tearDown -->
  <testcase classname="com.sf.base.TestBase" name="@AfterClass tearDown" time="-1.679030537614E9">
    <skipped/>
  </testcase> <!-- @AfterClass tearDown -->
  <testcase classname="com.sf.base.TestBase" name="@BeforeClass setUp" time="0.002">
    <failure type="java.lang.IllegalStateException" message="The path to the driver executable The path to the driver executable must be set by the webdriver.chrome.driver system property; for more information, see https://chromedriver.chromium.org/. The latest version can be downloaded from https://chromedriver.chromium.org/downloads">
      <![CDATA[java.lang.IllegalStateException: The path to the driver executable The path to the driver executable must be set by the webdriver.chrome.driver system property; for more information, see https://chromedriver.chromium.org/. The latest version can be downloaded from https://chromedriver.chromium.org/downloads
at org.openqa.selenium.internal.Require$StateChecker.nonNull(Require.java:311)
at org.openqa.selenium.remote.service.DriverService.findExecutable(DriverService.java:135)
at org.openqa.selenium.chrome.ChromeDriverService.access$000(ChromeDriverService.java:39)
at org.openqa.selenium.chrome.ChromeDriverService$Builder.findDefaultExecutable(ChromeDriverService.java:233)
at org.openqa.selenium.remote.service.DriverService$Builder.build(DriverService.java:437)
at org.openqa.selenium.chrome.ChromeDriverService.createServiceWithConfig(ChromeDriverService.java:142)
at org.openqa.selenium.chrome.ChromeDriver.<init>(ChromeDriver.java:70)
at com.sf.base.TestBase.executionBrowser(TestBase.java:256)
at com.sf.base.TestBase.setUp(TestBase.java:211)
at java.base/java.util.ArrayList.forEach(ArrayList.java:1511)
... Removed 27 stack frames]]>
    </failure>
  </testcase> <!-- @BeforeClass setUp -->
  <testcase classname="com.sf.base.TestBase" name="@AfterMethod tearDown" time="-1.67903053762E9">
    <skipped/>
  </testcase> <!-- @AfterMethod tearDown -->
  <testcase classname="com.sf.base.TestBase" name="@AfterClass tearDown" time="-1.67903053762E9">
    <skipped/>
  </testcase> <!-- @AfterClass tearDown -->
  <testcase classname="com.sf.base.TestBase" name="@BeforeClass setUp" time="0.001">
    <failure type="java.lang.IllegalStateException" message="The path to the driver executable The path to the driver executable must be set by the webdriver.chrome.driver system property; for more information, see https://chromedriver.chromium.org/. The latest version can be downloaded from https://chromedriver.chromium.org/downloads">
      <![CDATA[java.lang.IllegalStateException: The path to the driver executable The path to the driver executable must be set by the webdriver.chrome.driver system property; for more information, see https://chromedriver.chromium.org/. The latest version can be downloaded from https://chromedriver.chromium.org/downloads
at org.openqa.selenium.internal.Require$StateChecker.nonNull(Require.java:311)
at org.openqa.selenium.remote.service.DriverService.findExecutable(DriverService.java:135)
at org.openqa.selenium.chrome.ChromeDriverService.access$000(ChromeDriverService.java:39)
at org.openqa.selenium.chrome.ChromeDriverService$Builder.findDefaultExecutable(ChromeDriverService.java:233)
at org.openqa.selenium.remote.service.DriverService$Builder.build(DriverService.java:437)
at org.openqa.selenium.chrome.ChromeDriverService.createServiceWithConfig(ChromeDriverService.java:142)
at org.openqa.selenium.chrome.ChromeDriver.<init>(ChromeDriver.java:70)
at com.sf.base.TestBase.executionBrowser(TestBase.java:256)
at com.sf.base.TestBase.setUp(TestBase.java:211)
at java.base/java.util.ArrayList.forEach(ArrayList.java:1511)
... Removed 27 stack frames]]>
    </failure>
  </testcase> <!-- @BeforeClass setUp -->
  <testcase classname="com.sf.base.TestBase" name="@AfterMethod tearDown" time="-1.679030537627E9">
    <skipped/>
  </testcase> <!-- @AfterMethod tearDown -->
  <testcase classname="com.sf.base.TestBase" name="@AfterClass tearDown" time="-1.679030537627E9">
    <skipped/>
  </testcase> <!-- @AfterClass tearDown -->
  <testcase classname="com.sf.base.TestBase" name="@BeforeClass setUp" time="0.001">
    <failure type="java.lang.IllegalStateException" message="The path to the driver executable The path to the driver executable must be set by the webdriver.chrome.driver system property; for more information, see https://chromedriver.chromium.org/. The latest version can be downloaded from https://chromedriver.chromium.org/downloads">
      <![CDATA[java.lang.IllegalStateException: The path to the driver executable The path to the driver executable must be set by the webdriver.chrome.driver system property; for more information, see https://chromedriver.chromium.org/. The latest version can be downloaded from https://chromedriver.chromium.org/downloads
at org.openqa.selenium.internal.Require$StateChecker.nonNull(Require.java:311)
at org.openqa.selenium.remote.service.DriverService.findExecutable(DriverService.java:135)
at org.openqa.selenium.chrome.ChromeDriverService.access$000(ChromeDriverService.java:39)
at org.openqa.selenium.chrome.ChromeDriverService$Builder.findDefaultExecutable(ChromeDriverService.java:233)
at org.openqa.selenium.remote.service.DriverService$Builder.build(DriverService.java:437)
at org.openqa.selenium.chrome.ChromeDriverService.createServiceWithConfig(ChromeDriverService.java:142)
at org.openqa.selenium.chrome.ChromeDriver.<init>(ChromeDriver.java:70)
at com.sf.base.TestBase.executionBrowser(TestBase.java:256)
at com.sf.base.TestBase.setUp(TestBase.java:211)
at java.base/java.util.ArrayList.forEach(ArrayList.java:1511)
... Removed 27 stack frames]]>
    </failure>
  </testcase> <!-- @BeforeClass setUp -->
  <testcase classname="com.sf.base.TestBase" name="@AfterMethod tearDown" time="-1.679030537631E9">
    <skipped/>
  </testcase> <!-- @AfterMethod tearDown -->
  <testcase classname="com.sf.base.TestBase" name="@AfterClass tearDown" time="-1.679030537632E9">
    <skipped/>
  </testcase> <!-- @AfterClass tearDown -->
  <testcase classname="com.sf.base.TestBase" name="@BeforeClass setUp" time="0.001">
    <failure type="java.lang.IllegalStateException" message="The path to the driver executable The path to the driver executable must be set by the webdriver.chrome.driver system property; for more information, see https://chromedriver.chromium.org/. The latest version can be downloaded from https://chromedriver.chromium.org/downloads">
      <![CDATA[java.lang.IllegalStateException: The path to the driver executable The path to the driver executable must be set by the webdriver.chrome.driver system property; for more information, see https://chromedriver.chromium.org/. The latest version can be downloaded from https://chromedriver.chromium.org/downloads
at org.openqa.selenium.internal.Require$StateChecker.nonNull(Require.java:311)
at org.openqa.selenium.remote.service.DriverService.findExecutable(DriverService.java:135)
at org.openqa.selenium.chrome.ChromeDriverService.access$000(ChromeDriverService.java:39)
at org.openqa.selenium.chrome.ChromeDriverService$Builder.findDefaultExecutable(ChromeDriverService.java:233)
at org.openqa.selenium.remote.service.DriverService$Builder.build(DriverService.java:437)
at org.openqa.selenium.chrome.ChromeDriverService.createServiceWithConfig(ChromeDriverService.java:142)
at org.openqa.selenium.chrome.ChromeDriver.<init>(ChromeDriver.java:70)
at com.sf.base.TestBase.executionBrowser(TestBase.java:256)
at com.sf.base.TestBase.setUp(TestBase.java:211)
at java.base/java.util.ArrayList.forEach(ArrayList.java:1511)
... Removed 27 stack frames]]>
    </failure>
  </testcase> <!-- @BeforeClass setUp -->
  <testcase classname="com.sf.base.TestBase" name="@AfterMethod tearDown" time="-1.679030537635E9">
    <skipped/>
  </testcase> <!-- @AfterMethod tearDown -->
  <testcase classname="com.sf.base.TestBase" name="@AfterClass tearDown" time="-1.679030537636E9">
    <skipped/>
  </testcase> <!-- @AfterClass tearDown -->
  <testcase classname="com.sf.base.TestBase" name="@BeforeClass setUp" time="0.0">
    <failure type="java.lang.IllegalStateException" message="The path to the driver executable The path to the driver executable must be set by the webdriver.chrome.driver system property; for more information, see https://chromedriver.chromium.org/. The latest version can be downloaded from https://chromedriver.chromium.org/downloads">
      <![CDATA[java.lang.IllegalStateException: The path to the driver executable The path to the driver executable must be set by the webdriver.chrome.driver system property; for more information, see https://chromedriver.chromium.org/. The latest version can be downloaded from https://chromedriver.chromium.org/downloads
at org.openqa.selenium.internal.Require$StateChecker.nonNull(Require.java:311)
at org.openqa.selenium.remote.service.DriverService.findExecutable(DriverService.java:135)
at org.openqa.selenium.chrome.ChromeDriverService.access$000(ChromeDriverService.java:39)
at org.openqa.selenium.chrome.ChromeDriverService$Builder.findDefaultExecutable(ChromeDriverService.java:233)
at org.openqa.selenium.remote.service.DriverService$Builder.build(DriverService.java:437)
at org.openqa.selenium.chrome.ChromeDriverService.createServiceWithConfig(ChromeDriverService.java:142)
at org.openqa.selenium.chrome.ChromeDriver.<init>(ChromeDriver.java:70)
at com.sf.base.TestBase.executionBrowser(TestBase.java:256)
at com.sf.base.TestBase.setUp(TestBase.java:211)
at java.base/java.util.ArrayList.forEach(ArrayList.java:1511)
... Removed 27 stack frames]]>
    </failure>
  </testcase> <!-- @BeforeClass setUp -->
  <testcase classname="com.sf.base.TestBase" name="@AfterMethod tearDown" time="-1.679030537639E9">
    <skipped/>
  </testcase> <!-- @AfterMethod tearDown -->
  <testcase classname="com.sf.base.TestBase" name="@AfterClass tearDown" time="-1.67903053764E9">
    <skipped/>
  </testcase> <!-- @AfterClass tearDown -->
  <testcase classname="com.sf.base.TestBase" name="@BeforeClass setUp" time="0.0">
    <failure type="java.lang.IllegalStateException" message="The path to the driver executable The path to the driver executable must be set by the webdriver.chrome.driver system property; for more information, see https://chromedriver.chromium.org/. The latest version can be downloaded from https://chromedriver.chromium.org/downloads">
      <![CDATA[java.lang.IllegalStateException: The path to the driver executable The path to the driver executable must be set by the webdriver.chrome.driver system property; for more information, see https://chromedriver.chromium.org/. The latest version can be downloaded from https://chromedriver.chromium.org/downloads
at org.openqa.selenium.internal.Require$StateChecker.nonNull(Require.java:311)
at org.openqa.selenium.remote.service.DriverService.findExecutable(DriverService.java:135)
at org.openqa.selenium.chrome.ChromeDriverService.access$000(ChromeDriverService.java:39)
at org.openqa.selenium.chrome.ChromeDriverService$Builder.findDefaultExecutable(ChromeDriverService.java:233)
at org.openqa.selenium.remote.service.DriverService$Builder.build(DriverService.java:437)
at org.openqa.selenium.chrome.ChromeDriverService.createServiceWithConfig(ChromeDriverService.java:142)
at org.openqa.selenium.chrome.ChromeDriver.<init>(ChromeDriver.java:70)
at com.sf.base.TestBase.executionBrowser(TestBase.java:256)
at com.sf.base.TestBase.setUp(TestBase.java:211)
at java.base/java.util.ArrayList.forEach(ArrayList.java:1511)
... Removed 27 stack frames]]>
    </failure>
  </testcase> <!-- @BeforeClass setUp -->
  <testcase classname="com.sf.base.TestBase" name="@AfterMethod tearDown" time="-1.679030537642E9">
    <skipped/>
  </testcase> <!-- @AfterMethod tearDown -->
  <testcase classname="com.sf.base.TestBase" name="@AfterClass tearDown" time="-1.679030537642E9">
    <skipped/>
  </testcase> <!-- @AfterClass tearDown -->
  <testcase classname="com.sf.base.TestBase" name="@BeforeClass setUp" time="0.0">
    <failure type="java.lang.IllegalStateException" message="The path to the driver executable The path to the driver executable must be set by the webdriver.chrome.driver system property; for more information, see https://chromedriver.chromium.org/. The latest version can be downloaded from https://chromedriver.chromium.org/downloads">
      <![CDATA[java.lang.IllegalStateException: The path to the driver executable The path to the driver executable must be set by the webdriver.chrome.driver system property; for more information, see https://chromedriver.chromium.org/. The latest version can be downloaded from https://chromedriver.chromium.org/downloads
at org.openqa.selenium.internal.Require$StateChecker.nonNull(Require.java:311)
at org.openqa.selenium.remote.service.DriverService.findExecutable(DriverService.java:135)
at org.openqa.selenium.chrome.ChromeDriverService.access$000(ChromeDriverService.java:39)
at org.openqa.selenium.chrome.ChromeDriverService$Builder.findDefaultExecutable(ChromeDriverService.java:233)
at org.openqa.selenium.remote.service.DriverService$Builder.build(DriverService.java:437)
at org.openqa.selenium.chrome.ChromeDriverService.createServiceWithConfig(ChromeDriverService.java:142)
at org.openqa.selenium.chrome.ChromeDriver.<init>(ChromeDriver.java:70)
at com.sf.base.TestBase.executionBrowser(TestBase.java:256)
at com.sf.base.TestBase.setUp(TestBase.java:211)
at java.base/java.util.ArrayList.forEach(ArrayList.java:1511)
... Removed 27 stack frames]]>
    </failure>
  </testcase> <!-- @BeforeClass setUp -->
  <testcase classname="com.sf.base.TestBase" name="@AfterMethod tearDown" time="-1.679030537645E9">
    <skipped/>
  </testcase> <!-- @AfterMethod tearDown -->
  <testcase classname="com.sf.base.TestBase" name="@AfterClass tearDown" time="-1.679030537646E9">
    <skipped/>
  </testcase> <!-- @AfterClass tearDown -->
  <testcase classname="com.sf.base.TestBase" name="@BeforeClass setUp" time="0.0">
    <failure type="java.lang.IllegalStateException" message="The path to the driver executable The path to the driver executable must be set by the webdriver.chrome.driver system property; for more information, see https://chromedriver.chromium.org/. The latest version can be downloaded from https://chromedriver.chromium.org/downloads">
      <![CDATA[java.lang.IllegalStateException: The path to the driver executable The path to the driver executable must be set by the webdriver.chrome.driver system property; for more information, see https://chromedriver.chromium.org/. The latest version can be downloaded from https://chromedriver.chromium.org/downloads
at org.openqa.selenium.internal.Require$StateChecker.nonNull(Require.java:311)
at org.openqa.selenium.remote.service.DriverService.findExecutable(DriverService.java:135)
at org.openqa.selenium.chrome.ChromeDriverService.access$000(ChromeDriverService.java:39)
at org.openqa.selenium.chrome.ChromeDriverService$Builder.findDefaultExecutable(ChromeDriverService.java:233)
at org.openqa.selenium.remote.service.DriverService$Builder.build(DriverService.java:437)
at org.openqa.selenium.chrome.ChromeDriverService.createServiceWithConfig(ChromeDriverService.java:142)
at org.openqa.selenium.chrome.ChromeDriver.<init>(ChromeDriver.java:70)
at com.sf.base.TestBase.executionBrowser(TestBase.java:256)
at com.sf.base.TestBase.setUp(TestBase.java:211)
at java.base/java.util.ArrayList.forEach(ArrayList.java:1511)
... Removed 27 stack frames]]>
    </failure>
  </testcase> <!-- @BeforeClass setUp -->
  <testcase classname="com.sf.base.TestBase" name="@AfterMethod tearDown" time="-1.679030537652E9">
    <skipped/>
  </testcase> <!-- @AfterMethod tearDown -->
  <testcase classname="com.sf.base.TestBase" name="@AfterClass tearDown" time="-1.679030537652E9">
    <skipped/>
  </testcase> <!-- @AfterClass tearDown -->
  <testcase classname="company.TG_3634_NewCompanyCreationFromStaffing" name="Tag_VerifyCompanyTypeAndCompanyNameAreAMandatoryFieldsStaffing" time="0.0">
    <skipped/>
  </testcase> <!-- Tag_VerifyCompanyTypeAndCompanyNameAreAMandatoryFieldsStaffing -->
  <testcase classname="company.TG_3634_NewCompanyCreationFromStaffing" name="Tag_AddNewCompanyStaffing" time="0.0">
    <skipped/>
  </testcase> <!-- Tag_AddNewCompanyStaffing -->
  <testcase classname="company.TG_3634_NewCompanyCreationFromStaffing" name="verifyStaffingCompanyIsListedOnListingPage" time="0.0">
    <skipped/>
  </testcase> <!-- verifyStaffingCompanyIsListedOnListingPage -->
  <testcase classname="company.TG_3634_NewCompanyCreationHiring" name="Tag_VerifyCompanyTypeAndCompanyNameAreAMandatoryFieldsHiring" time="0.0">
    <skipped/>
  </testcase> <!-- Tag_VerifyCompanyTypeAndCompanyNameAreAMandatoryFieldsHiring -->
  <testcase classname="company.TG_3634_NewCompanyCreationHiring" name="Tag_AddNewCompanyHiring" time="0.0">
    <skipped/>
  </testcase> <!-- Tag_AddNewCompanyHiring -->
  <testcase classname="company.TG_3634_NewCompanyCreationHiring" name="verifyHiringCompanyIsListedOnListingPage" time="0.0">
    <skipped/>
  </testcase> <!-- verifyHiringCompanyIsListedOnListingPage -->
  <testcase classname="users.AddNewUserHiring" name="VerifyMandatoryFields" time="0.0">
    <skipped/>
  </testcase> <!-- VerifyMandatoryFields -->
  <testcase classname="users.AddNewUserHiring" name="verifyCreateNewUser" time="0.0">
    <skipped/>
  </testcase> <!-- verifyCreateNewUser -->
  <testcase classname="users.AddNewUserHiring" name="verifyNewlyCreatedUserIsListedOnlistingPage" time="0.0">
    <skipped/>
  </testcase> <!-- verifyNewlyCreatedUserIsListedOnlistingPage -->
  <testcase classname="users.AddNewUserHiring" name="TG_234_PasswordSetup" time="0.0">
    <skipped/>
  </testcase> <!-- TG_234_PasswordSetup -->
  <testcase classname="users.AddNewUserStaffing" name="VerifyMandatoryFields" time="0.0">
    <skipped/>
  </testcase> <!-- VerifyMandatoryFields -->
  <testcase classname="users.AddNewUserStaffing" name="verifyCreateNewUser" time="0.0">
    <skipped/>
  </testcase> <!-- verifyCreateNewUser -->
  <testcase classname="users.AddNewUserStaffing" name="verifyNewlyCreatedUserIsListedOnlistingPage" time="0.0">
    <skipped/>
  </testcase> <!-- verifyNewlyCreatedUserIsListedOnlistingPage -->
  <testcase classname="users.AddNewUserStaffing" name="TG_234_PasswordSetup" time="0.0">
    <skipped/>
  </testcase> <!-- TG_234_PasswordSetup -->
  <testcase classname="users.AddNewUserTAG" name="VerifyMandatoryFields" time="0.0">
    <skipped/>
  </testcase> <!-- VerifyMandatoryFields -->
  <testcase classname="users.AddNewUserTAG" name="verifyCreateNewUser" time="0.0">
    <skipped/>
  </testcase> <!-- verifyCreateNewUser -->
  <testcase classname="users.AddNewUserTAG" name="verifyNewlyCreatedUserIsListedOnlistingPage" time="0.0">
    <skipped/>
  </testcase> <!-- verifyNewlyCreatedUserIsListedOnlistingPage -->
  <testcase classname="users.AddNewUserTAG" name="TG_234_PasswordSetup" time="0.0">
    <skipped/>
  </testcase> <!-- TG_234_PasswordSetup -->
  <testcase classname="employees.TG_3963_AddNewEmployee" name="VerifyCreateNewEmployee" time="0.0">
    <skipped/>
  </testcase> <!-- VerifyCreateNewEmployee -->
  <testcase classname="employees.TG_3963_AddNewEmployee" name="verifyDiscardAddNewForm" time="0.0">
    <skipped/>
  </testcase> <!-- verifyDiscardAddNewForm -->
  <testcase classname="employees.TG_3963_AddNewEmployee" name="verifyMandatoryFields" time="0.0">
    <skipped/>
  </testcase> <!-- verifyMandatoryFields -->
  <testcase classname="jobOrderStaffing.TG_3848_NewOrderStaffing" name="Tag_VerifyJobOrdersFieldShouldVisibleOnHomepageOfStaffingUnderShortcuts" time="0.0">
    <skipped/>
  </testcase> <!-- Tag_VerifyJobOrdersFieldShouldVisibleOnHomepageOfStaffingUnderShortcuts -->
  <testcase classname="jobOrderStaffing.TG_3848_NewOrderStaffing" name="Tag_VerifyAddOrderButtonShouldVisibleOnHomepage" time="0.0">
    <skipped/>
  </testcase> <!-- Tag_VerifyAddOrderButtonShouldVisibleOnHomepage -->
  <testcase classname="jobOrderStaffing.TG_3848_NewOrderStaffing" name="Tag_VerifyPopupIfClickOnSaveWithoutEnteringMandatoryFields" time="0.0">
    <skipped/>
  </testcase> <!-- Tag_VerifyPopupIfClickOnSaveWithoutEnteringMandatoryFields -->
  <testcase classname="jobOrderStaffing.TG_3848_NewOrderStaffing" name="Tag_VerifyCompanyFieldShouldVisible" time="0.0">
    <skipped/>
  </testcase> <!-- Tag_VerifyCompanyFieldShouldVisible -->
  <testcase classname="jobOrderStaffing.TG_3848_NewOrderStaffing" name="Tag_VerifyCategoryFieldShouldVisible" time="0.0">
    <skipped/>
  </testcase> <!-- Tag_VerifyCategoryFieldShouldVisible -->
  <testcase classname="jobOrderStaffing.TG_3848_NewOrderStaffing" name="Tag_VerifyAvailabilityFieldShouldDropdownField" time="0.0">
    <skipped/>
  </testcase> <!-- Tag_VerifyAvailabilityFieldShouldDropdownField -->
  <testcase classname="jobOrderStaffing.TG_3848_NewOrderStaffing" name="Tag_VerifyStartDateFieldShouldVisible" time="0.0">
    <skipped/>
  </testcase> <!-- Tag_VerifyStartDateFieldShouldVisible -->
  <testcase classname="jobOrderStaffing.TG_3848_NewOrderStaffing" name="Tag_VerifyEndDateFieldShouldVisible" time="0.0">
    <skipped/>
  </testcase> <!-- Tag_VerifyEndDateFieldShouldVisible -->
  <testcase classname="jobOrderStaffing.TG_3848_NewOrderStaffing" name="Tag_VerifyStartTimeFieldShouldVisible" time="0.0">
    <skipped/>
  </testcase> <!-- Tag_VerifyStartTimeFieldShouldVisible -->
  <testcase classname="jobOrderStaffing.TG_3848_NewOrderStaffing" name="Tag_VerifyJobSiteFieldShouldVisible" time="0.0">
    <skipped/>
  </testcase> <!-- Tag_VerifyJobSiteFieldShouldVisible -->
  <testcase classname="jobOrderStaffing.TG_3848_NewOrderStaffing" name="Tag_VerifyEstimatedDailyHoursFieldShouldVisible" time="0.0">
    <skipped/>
  </testcase> <!-- Tag_VerifyEstimatedDailyHoursFieldShouldVisible -->
  <testcase classname="jobOrderStaffing.TG_3848_NewOrderStaffing" name="Tag_VerifyEstimateDailyHoursFieldShouldNotAcceptHoursMoreThan24" time="0.0">
    <skipped/>
  </testcase> <!-- Tag_VerifyEstimateDailyHoursFieldShouldNotAcceptHoursMoreThan24 -->
  <testcase classname="jobOrderStaffing.TG_3848_NewOrderStaffing" name="Tag_VerifyNoOfWorkersFieldShouldVisible" time="0.0">
    <skipped/>
  </testcase> <!-- Tag_VerifyNoOfWorkersFieldShouldVisible -->
  <testcase classname="jobOrderStaffing.TG_3848_NewOrderStaffing" name="Tag_VerifyAgreeToContractFieldCheckboxShouldVisible" time="0.0">
    <skipped/>
  </testcase> <!-- Tag_VerifyAgreeToContractFieldCheckboxShouldVisible -->
  <testcase classname="jobOrderStaffing.TG_3848_NewOrderStaffing" name="Tag_VerifyPopupForConfirmJobOrderDetails" time="0.0">
    <skipped/>
  </testcase> <!-- Tag_VerifyPopupForConfirmJobOrderDetails -->
  <testcase classname="jobOrderStaffing.TG_3848_NewOrderStaffing" name="Tag_VerifyConfirmationPopupShouldHaveConfirmAndCancelButtons" time="0.0">
    <skipped/>
  </testcase> <!-- Tag_VerifyConfirmationPopupShouldHaveConfirmAndCancelButtons -->
  <testcase classname="jobOrderStaffing.TG_3848_NewOrderStaffing" name="Tag_VerifyClickingCancelNothingShouldSave" time="0.0">
    <skipped/>
  </testcase> <!-- Tag_VerifyClickingCancelNothingShouldSave -->
  <testcase classname="jobOrderStaffing.TG_3848_NewOrderStaffing" name="Tag_VerifyClickingOnSaveButtonPopupShouldCreateJobOrderSuccessfullyAndJobOrderIdShouldCreated" time="0.0">
    <skipped/>
  </testcase> <!-- Tag_VerifyClickingOnSaveButtonPopupShouldCreateJobOrderSuccessfullyAndJobOrderIdShouldCreated -->
  <testcase classname="jobOrderStaffing.TG_3848_NewOrderStaffing" name="Tag_VerifyPopupEmailSentSucessfully" time="0.0">
    <skipped/>
  </testcase> <!-- Tag_VerifyPopupEmailSentSucessfully -->
  <testcase classname="jobOrderStaffing.TG_3848_NewOrderStaffing" name="Tag_VerifyClaimHasBeenApprovedPleaseAssignEmployees" time="0.0">
    <skipped/>
  </testcase> <!-- Tag_VerifyClaimHasBeenApprovedPleaseAssignEmployees -->
  <testcase classname="exclusiveJobOrder.TG_3847_ExclusiveNewOrder" name="Tag_VerifyNewOrderbuttonOnHomepage" time="0.0">
    <skipped/>
  </testcase> <!-- Tag_VerifyNewOrderbuttonOnHomepage -->
  <testcase classname="exclusiveJobOrder.TG_3847_ExclusiveNewOrder" name="Tag_VerifyPopupIfClickOnSaveWithoutEnteringMandatoryFields" time="0.0">
    <skipped/>
  </testcase> <!-- Tag_VerifyPopupIfClickOnSaveWithoutEnteringMandatoryFields -->
[...]
    <skipped/>
  </testcase> <!-- TG_3970_VerifyDistanceRadiusVisibleAndEnter -->
  <testcase classname="company.TG_4419_AssignEmployeeFromStaffing" name="TG_3971_VerifyShowAllEmployeesVisibleAndCheck" time="0.0">
    <skipped/>
  </testcase> <!-- TG_3971_VerifyShowAllEmployeesVisibleAndCheck -->
  <testcase classname="company.TG_4419_AssignEmployeeFromStaffing" name="TG_3972_VerifyEmployeeIDVisible" time="0.0">
    <skipped/>
  </testcase> <!-- TG_3972_VerifyEmployeeIDVisible -->
  <testcase classname="company.TG_4419_AssignEmployeeFromStaffing" name="TG_3973_EnterEmployeeID" time="0.0">
    <skipped/>
  </testcase> <!-- TG_3973_EnterEmployeeID -->
  <testcase classname="company.TG_4419_AssignEmployeeFromStaffing" name="TG_3975_VerifySaveButtonVisible" time="0.0">
    <skipped/>
  </testcase> <!-- TG_3975_VerifySaveButtonVisible -->
  <testcase classname="company.TG_4419_AssignEmployeeFromStaffing" name="TG_3977_ClickSaveButton" time="0.0">
    <skipped/>
  </testcase> <!-- TG_3977_ClickSaveButton -->
  <testcase classname="timesheets.TG_4290_TimesheetCreation" name="Tag_EndToEndFlowNewOrderHiring" time="0.0">
    <skipped/>
  </testcase> <!-- Tag_EndToEndFlowNewOrderHiring -->
  <testcase classname="timesheets.TG_4290_TimesheetCreation" name="Tag_VerifyHiringAdminAbleToViewEmployeesHaveBeenAssignedPleaseSubmitTheirTimesheets" time="0.0">
    <skipped/>
  </testcase> <!-- Tag_VerifyHiringAdminAbleToViewEmployeesHaveBeenAssignedPleaseSubmitTheirTimesheets -->
  <testcase classname="timesheets.TG_4290_TimesheetCreation" name="Tag_VerifyHiringRoleShouldNotAbleToSelectFutureDateAndGetsPopup" time="0.0">
    <skipped/>
  </testcase> <!-- Tag_VerifyHiringRoleShouldNotAbleToSelectFutureDateAndGetsPopup -->
  <testcase classname="timesheets.TG_4301_Timesheet_Approval" name="Tag_EndToEndFlowNewOrderHiring" time="0.0">
    <skipped/>
  </testcase> <!-- Tag_EndToEndFlowNewOrderHiring -->
  <testcase classname="timesheets.TG_4301_Timesheet_Approval" name="Tag_VerifyTimesheetAvailableForApprovalPopup" time="0.0">
    <skipped/>
  </testcase> <!-- Tag_VerifyTimesheetAvailableForApprovalPopup -->
  <testcase classname="timesheets.TG_4301_Timesheet_Approval" name="Tag_VerifyUserShouldGetPopupIfTryToapproveFromActionsButton" time="0.0">
    <skipped/>
  </testcase> <!-- Tag_VerifyUserShouldGetPopupIfTryToapproveFromActionsButton -->
  <testcase classname="company.TG_4463_InvCreationStaffing" name="Tag_EndToEndFlowNewOrderHiring" time="0.0">
    <skipped/>
  </testcase> <!-- Tag_EndToEndFlowNewOrderHiring -->
  <testcase classname="company.TG_4463_InvCreationStaffing" name="Tag_EndToEndFlowAssignEmployeeFromStaffing" time="0.0">
    <skipped/>
  </testcase> <!-- Tag_EndToEndFlowAssignEmployeeFromStaffing -->
  <testcase classname="company.TG_4463_InvCreationStaffing" name="TG_4311_MessageDisplayedOnTimesheetApproval" time="0.0">
    <skipped/>
  </testcase> <!-- TG_4311_MessageDisplayedOnTimesheetApproval -->
  <testcase classname="company.TG_4463_InvCreationStaffing" name="TG_4312_CreateInvoiceNavigatesNewInvoice" time="0.0">
    <skipped/>
  </testcase> <!-- TG_4312_CreateInvoiceNavigatesNewInvoice -->
  <testcase classname="favoriteCompany.TG_4778_FavoriteStaffingCompany" name="LoginHiring" time="0.0">
    <skipped/>
  </testcase> <!-- LoginHiring -->
  <testcase classname="favoriteCompany.TG_4778_FavoriteStaffingCompany" name="clickStaffingCompanies" time="0.0">
    <skipped/>
  </testcase> <!-- clickStaffingCompanies -->
  <testcase classname="favoriteCompany.TG_4778_FavoriteStaffingCompany" name="verifyStaffingCompaniesList" time="0.0">
    <skipped/>
  </testcase> <!-- verifyStaffingCompaniesList -->
  <testcase classname="favoriteCompany.TG_4778_FavoriteStaffingCompany" name="clickHeartIcon" time="0.0">
    <skipped/>
  </testcase> <!-- clickHeartIcon -->
  <testcase classname="favoriteCompany.TG_4778_FavoriteStaffingCompany" name="verifyFavPopUp" time="0.0">
    <skipped/>
  </testcase> <!-- verifyFavPopUp -->
  <testcase classname="favoriteCompany.TG_4778_FavoriteStaffingCompany" name="verifyRemoveFromFavorites" time="0.0">
    <skipped/>
  </testcase> <!-- verifyRemoveFromFavorites -->
  <testcase classname="blockCompany.TG_4779_Block_Company" name="LoginHiring" time="0.0">
    <skipped/>
  </testcase> <!-- LoginHiring -->
  <testcase classname="blockCompany.TG_4779_Block_Company" name="clickStaffingCompanies" time="0.0">
    <skipped/>
  </testcase> <!-- clickStaffingCompanies -->
  <testcase classname="blockCompany.TG_4779_Block_Company" name="verifyStaffingCompaniesList" time="0.0">
    <skipped/>
  </testcase> <!-- verifyStaffingCompaniesList -->
  <testcase classname="blockCompany.TG_4779_Block_Company" name="clickStaffingCompany" time="0.0">
    <skipped/>
  </testcase> <!-- clickStaffingCompany -->
  <testcase classname="blockCompany.TG_4779_Block_Company" name="clickBlockButton" time="0.0">
    <skipped/>
  </testcase> <!-- clickBlockButton -->
  <testcase classname="blockCompany.TG_4779_Block_Company" name="verifyBlockCompanyPopUp" time="0.0">
    <skipped/>
  </testcase> <!-- verifyBlockCompanyPopUp -->
  <testcase classname="blockCompany.TG_4779_Block_Company" name="clickUnblockButton" time="0.0">
    <skipped/>
  </testcase> <!-- clickUnblockButton -->
  <testcase classname="blockCompany.TG_4779_Block_Company" name="verifyUnblockCompanyPopUp" time="0.0">
    <skipped/>
  </testcase> <!-- verifyUnblockCompanyPopUp -->
  <testcase classname="jobTitle_jobSite.TG_4862_JobTitleCreation" name="VerifyUserRedirectToJobTitleForm" time="0.0">
    <skipped/>
  </testcase> <!-- VerifyUserRedirectToJobTitleForm -->
  <testcase classname="jobTitle_jobSite.TG_4862_JobTitleCreation" name="VerifyMandatoryFieldsAndEnterData" time="0.0">
    <skipped/>
  </testcase> <!-- VerifyMandatoryFieldsAndEnterData -->
  <testcase classname="timesheets.TG_4423_TimesheetDeny" name="Tag_EndToEndFlowNewOrderHiring" time="0.0">
    <skipped/>
  </testcase> <!-- Tag_EndToEndFlowNewOrderHiring -->
  <testcase classname="timesheets.TG_4423_TimesheetDeny" name="Tag_VerifyTimesheetAvailableForApprovalPopup" time="0.0">
    <skipped/>
  </testcase> <!-- Tag_VerifyTimesheetAvailableForApprovalPopup -->
  <testcase classname="CRM.TG_5353_Contact_Creation" name="TG_5322_VerifyContactCreationForm" time="0.0">
    <skipped/>
  </testcase> <!-- TG_5322_VerifyContactCreationForm -->
  <testcase classname="CRM.TG_5353_Contact_Creation" name="TG_5326_VerifyCreatedContactOnListingForm" time="0.0">
    <skipped/>
  </testcase> <!-- TG_5326_VerifyCreatedContactOnListingForm -->
  <testcase classname="CRM.TG_5352_Lead_Creation" name="TG_5303_VerifyNewLeadFormIsOpened" time="0.0">
    <skipped/>
  </testcase> <!-- TG_5303_VerifyNewLeadFormIsOpened -->
  <testcase classname="CRM.TG_5352_Lead_Creation" name="TG_5318_VerifyLeadIsCreated" time="0.0">
    <skipped/>
  </testcase> <!-- TG_5318_VerifyLeadIsCreated -->
  <testcase classname="CRM.TG_5489_Hiring_Company_Creation_Via_TAG" name="TG_5461_VerifyUserIsAbleToRouteToLeadFormSuccessfully" time="0.0">
    <skipped/>
  </testcase> <!-- TG_5461_VerifyUserIsAbleToRouteToLeadFormSuccessfully -->
  <testcase classname="CRM.TG_5489_Hiring_Company_Creation_Via_TAG" name="TG_5466_VerifyLeadCreatedSuccessfully" time="0.0">
    <skipped/>
  </testcase> <!-- TG_5466_VerifyLeadCreatedSuccessfully -->
  <testcase classname="CRM.TG_5558_Staffing_Company_Creation_Via_TAG" name="TG_5461_VerifyUserIsAbleToRouteToLeadFormSuccessfully" time="0.0">
    <skipped/>
  </testcase> <!-- TG_5461_VerifyUserIsAbleToRouteToLeadFormSuccessfully -->
  <testcase classname="CRM.TG_5558_Staffing_Company_Creation_Via_TAG" name="TG_5466_VerifyLeadCreatedSuccessfully" time="0.0">
    <skipped/>
  </testcase> <!-- TG_5466_VerifyLeadCreatedSuccessfully -->
  <testcase classname="CRM.TG_5748_Exclusive_Hiring_Company_Creation_Via_Staffing" name="TG_5461_VerifyUserIsAbleToRouteToLeadFormSuccessfully" time="0.0">
    <skipped/>
  </testcase> <!-- TG_5461_VerifyUserIsAbleToRouteToLeadFormSuccessfully -->
  <testcase classname="CRM.TG_5748_Exclusive_Hiring_Company_Creation_Via_Staffing" name="TG_5466_VerifyLeadCreatedSuccessfully" time="0.0">
    <skipped/>
  </testcase> <!-- TG_5466_VerifyLeadCreatedSuccessfully -->
  <testcase classname="directOrder.TG_5803_DirectOrderDeny" name="VerifyUserRedirectToNewOrderFormViaDirectOrder" time="0.0">
    <skipped/>
  </testcase> <!-- VerifyUserRedirectToNewOrderFormViaDirectOrder -->
  <testcase classname="directOrder.TG_5802_DirectOrderPartialClaim" name="VerifyUserRedirectToNewOrderFormViaDirectOrder" time="0.0">
    <skipped/>
  </testcase> <!-- VerifyUserRedirectToNewOrderFormViaDirectOrder -->
  <testcase classname="jobTitle_jobSite.TG_4863_JobSiteCreation" name="TG_4863_VerifyUserRedirectToJobSiteForm" time="0.0">
    <skipped/>
  </testcase> <!-- TG_4863_VerifyUserRedirectToJobSiteForm -->
  <testcase classname="directOrder.TG_5801_DirectOrderFullClaim" name="VerifyUserRedirectToNewOrderFormViaDirectOrder" time="0.0">
    <skipped/>
  </testcase> <!-- VerifyUserRedirectToNewOrderFormViaDirectOrder -->
  <testcase classname="com.sf.base.TestBase" name="@AfterSuite closeSuite" time="0.0">
    <ignored/>
  </testcase> <!-- @AfterSuite closeSuite -->
  <testcase classname="com.sf.base.TestBase" name="@AfterSuite closeSuite" time="0.0">
    <ignored/>
  </testcase> <!-- @AfterSuite closeSuite -->
  <testcase classname="com.sf.base.TestBase" name="@AfterSuite closeSuite" time="0.0">
    <ignored/>
  </testcase> <!-- @AfterSuite closeSuite -->
  <testcase classname="com.sf.base.TestBase" name="@AfterSuite closeSuite" time="0.0">
    <ignored/>
  </testcase> <!-- @AfterSuite closeSuite -->
  <testcase classname="com.sf.base.TestBase" name="@AfterSuite closeSuite" time="0.0">
    <ignored/>
  </testcase> <!-- @AfterSuite closeSuite -->
  <testcase classname="com.sf.base.TestBase" name="@AfterSuite closeSuite" time="0.0">
    <ignored/>
  </testcase> <!-- @AfterSuite closeSuite -->
  <testcase classname="com.sf.base.TestBase" name="@AfterSuite closeSuite" time="0.0">
    <ignored/>
  </testcase> <!-- @AfterSuite closeSuite -->
  <testcase classname="com.sf.base.TestBase" name="@AfterSuite closeSuite" time="0.0">
    <ignored/>
  </testcase> <!-- @AfterSuite closeSuite -->
  <testcase classname="com.sf.base.TestBase" name="@AfterSuite closeSuite" time="0.0">
    <ignored/>
  </testcase> <!-- @AfterSuite closeSuite -->
  <testcase classname="com.sf.base.TestBase" name="@AfterSuite closeSuite" time="0.0">
    <ignored/>
  </testcase> <!-- @AfterSuite closeSuite -->
  <testcase classname="com.sf.base.TestBase" name="@AfterSuite closeSuite" time="0.0">
    <ignored/>
  </testcase> <!-- @AfterSuite closeSuite -->
  <testcase classname="com.sf.base.TestBase" name="@AfterSuite closeSuite" time="0.0">
    <ignored/>
  </testcase> <!-- @AfterSuite closeSuite -->
  <testcase classname="com.sf.base.TestBase" name="@AfterSuite closeSuite" time="0.0">
    <ignored/>
  </testcase> <!-- @AfterSuite closeSuite -->
  <testcase classname="com.sf.base.TestBase" name="@AfterSuite closeSuite" time="0.0">
    <ignored/>
  </testcase> <!-- @AfterSuite closeSuite -->
  <testcase classname="com.sf.base.TestBase" name="@AfterSuite closeSuite" time="0.0">
    <ignored/>
  </testcase> <!-- @AfterSuite closeSuite -->
  <testcase classname="com.sf.base.TestBase" name="@AfterSuite closeSuite" time="0.0">
    <ignored/>
  </testcase> <!-- @AfterSuite closeSuite -->
  <testcase classname="com.sf.base.TestBase" name="@AfterSuite closeSuite" time="0.0">
    <ignored/>
  </testcase> <!-- @AfterSuite closeSuite -->
  <testcase classname="com.sf.base.TestBase" name="@AfterSuite closeSuite" time="0.0">
    <ignored/>
  </testcase> <!-- @AfterSuite closeSuite -->
  <testcase classname="com.sf.base.TestBase" name="@AfterSuite closeSuite" time="0.0">
    <ignored/>
  </testcase> <!-- @AfterSuite closeSuite -->
  <testcase classname="com.sf.base.TestBase" name="@AfterSuite closeSuite" time="0.0">
    <ignored/>
  </testcase> <!-- @AfterSuite closeSuite -->
  <testcase classname="com.sf.base.TestBase" name="@AfterSuite closeSuite" time="0.0">
    <ignored/>
  </testcase> <!-- @AfterSuite closeSuite -->
  <testcase classname="com.sf.base.TestBase" name="@AfterSuite closeSuite" time="0.0">
    <ignored/>
  </testcase> <!-- @AfterSuite closeSuite -->
  <testcase classname="com.sf.base.TestBase" name="@AfterSuite closeSuite" time="0.0">
    <ignored/>
  </testcase> <!-- @AfterSuite closeSuite -->
  <testcase classname="com.sf.base.TestBase" name="@AfterSuite closeSuite" time="0.0">
    <ignored/>
  </testcase> <!-- @AfterSuite closeSuite -->
  <testcase classname="com.sf.base.TestBase" name="@AfterSuite closeSuite" time="0.0">
    <ignored/>
  </testcase> <!-- @AfterSuite closeSuite -->
  <testcase classname="com.sf.base.TestBase" name="@AfterSuite closeSuite" time="0.0">
    <ignored/>
  </testcase> <!-- @AfterSuite closeSuite -->
  <testcase classname="com.sf.base.TestBase" name="@AfterSuite closeSuite" time="0.0">
    <ignored/>
  </testcase> <!-- @AfterSuite closeSuite -->
  <testcase classname="com.sf.base.TestBase" name="@AfterSuite closeSuite" time="0.0">
    <ignored/>
  </testcase> <!-- @AfterSuite closeSuite -->
  <testcase classname="com.sf.base.TestBase" name="@AfterSuite closeSuite" time="0.0">
    <ignored/>
  </testcase> <!-- @AfterSuite closeSuite -->
  <testcase classname="com.sf.base.TestBase" name="@AfterSuite closeSuite" time="0.0">
    <ignored/>
  </testcase> <!-- @AfterSuite closeSuite -->
  <testcase classname="com.sf.base.TestBase" name="@AfterSuite closeSuite" time="0.0">
    <ignored/>
  </testcase> <!-- @AfterSuite closeSuite -->
  <testcase classname="com.sf.base.TestBase" name="@AfterSuite closeSuite" time="0.0">
    <ignored/>
  </testcase> <!-- @AfterSuite closeSuite -->
  <testcase classname="com.sf.base.TestBase" name="@AfterSuite closeSuite" time="0.0">
    <ignored/>
  </testcase> <!-- @AfterSuite closeSuite -->
  <testcase classname="com.sf.base.TestBase" name="@AfterSuite closeSuite" time="0.0">
    <ignored/>
  </testcase> <!-- @AfterSuite closeSuite -->
  <testcase classname="com.sf.base.TestBase" name="@AfterSuite closeSuite" time="0.0">
    <ignored/>
  </testcase> <!-- @AfterSuite closeSuite -->
  <testcase classname="com.sf.base.TestBase" name="@BeforeSuite iniExtentReport" time="0.0">
    <ignored/>
  </testcase> <!-- @BeforeSuite iniExtentReport -->
  <testcase classname="com.sf.base.TestBase" name="@BeforeSuite iniExtentReport" time="0.0">
    <ignored/>
  </testcase> <!-- @BeforeSuite iniExtentReport -->
  <testcase classname="com.sf.base.TestBase" name="@BeforeSuite iniExtentReport" time="0.0">
    <ignored/>
  </testcase> <!-- @BeforeSuite iniExtentReport -->
  <testcase classname="com.sf.base.TestBase" name="@BeforeSuite iniExtentReport" time="0.0">
    <ignored/>
  </testcase> <!-- @BeforeSuite iniExtentReport -->
  <testcase classname="com.sf.base.TestBase" name="@BeforeSuite iniExtentReport" time="0.0">
    <ignored/>
  </testcase> <!-- @BeforeSuite iniExtentReport -->
  <testcase classname="com.sf.base.TestBase" name="@BeforeSuite iniExtentReport" time="0.0">
    <ignored/>
  </testcase> <!-- @BeforeSuite iniExtentReport -->
  <testcase classname="com.sf.base.TestBase" name="@BeforeSuite iniExtentReport" time="0.0">
    <ignored/>
  </testcase> <!-- @BeforeSuite iniExtentReport -->
  <testcase classname="com.sf.base.TestBase" name="@BeforeSuite iniExtentReport" time="0.0">
    <ignored/>
  </testcase> <!-- @BeforeSuite iniExtentReport -->
  <testcase classname="com.sf.base.TestBase" name="@BeforeSuite iniExtentReport" time="0.0">
    <ignored/>
  </testcase> <!-- @BeforeSuite iniExtentReport -->
  <testcase classname="com.sf.base.TestBase" name="@BeforeSuite iniExtentReport" time="0.0">
    <ignored/>
  </testcase> <!-- @BeforeSuite iniExtentReport -->
  <testcase classname="com.sf.base.TestBase" name="@BeforeSuite iniExtentReport" time="0.0">
    <ignored/>
  </testcase> <!-- @BeforeSuite iniExtentReport -->
  <testcase classname="com.sf.base.TestBase" name="@BeforeSuite iniExtentReport" time="0.0">
    <ignored/>
  </testcase> <!-- @BeforeSuite iniExtentReport -->
  <testcase classname="com.sf.base.TestBase" name="@BeforeSuite iniExtentReport" time="0.0">
    <ignored/>
  </testcase> <!-- @BeforeSuite iniExtentReport -->
  <testcase classname="com.sf.base.TestBase" name="@BeforeSuite iniExtentReport" time="0.0">
    <ignored/>
  </testcase> <!-- @BeforeSuite iniExtentReport -->
  <testcase classname="com.sf.base.TestBase" name="@BeforeSuite iniExtentReport" time="0.0">
    <ignored/>
  </testcase> <!-- @BeforeSuite iniExtentReport -->
  <testcase classname="com.sf.base.TestBase" name="@BeforeSuite iniExtentReport" time="0.0">
    <ignored/>
  </testcase> <!-- @BeforeSuite iniExtentReport -->
  <testcase classname="com.sf.base.TestBase" name="@BeforeSuite iniExtentReport" time="0.0">
    <ignored/>
  </testcase> <!-- @BeforeSuite iniExtentReport -->
  <testcase classname="com.sf.base.TestBase" name="@BeforeSuite iniExtentReport" time="0.0">
    <ignored/>
  </testcase> <!-- @BeforeSuite iniExtentReport -->
  <testcase classname="com.sf.base.TestBase" name="@BeforeSuite iniExtentReport" time="0.0">
    <ignored/>
  </testcase> <!-- @BeforeSuite iniExtentReport -->
  <testcase classname="com.sf.base.TestBase" name="@BeforeSuite iniExtentReport" time="0.0">
    <ignored/>
  </testcase> <!-- @BeforeSuite iniExtentReport -->
  <testcase classname="com.sf.base.TestBase" name="@BeforeSuite iniExtentReport" time="0.0">
    <ignored/>
  </testcase> <!-- @BeforeSuite iniExtentReport -->
  <testcase classname="com.sf.base.TestBase" name="@BeforeSuite iniExtentReport" time="0.0">
    <ignored/>
  </testcase> <!-- @BeforeSuite iniExtentReport -->
  <testcase classname="com.sf.base.TestBase" name="@BeforeSuite iniExtentReport" time="0.0">
    <ignored/>
  </testcase> <!-- @BeforeSuite iniExtentReport -->
  <testcase classname="com.sf.base.TestBase" name="@BeforeSuite iniExtentReport" time="0.0">
    <ignored/>
  </testcase> <!-- @BeforeSuite iniExtentReport -->
  <testcase classname="com.sf.base.TestBase" name="@BeforeSuite iniExtentReport" time="0.0">
    <ignored/>
  </testcase> <!-- @BeforeSuite iniExtentReport -->
  <testcase classname="com.sf.base.TestBase" name="@BeforeSuite iniExtentReport" time="0.0">
    <ignored/>
  </testcase> <!-- @BeforeSuite iniExtentReport -->
  <testcase classname="com.sf.base.TestBase" name="@BeforeSuite iniExtentReport" time="0.0">
    <ignored/>
  </testcase> <!-- @BeforeSuite iniExtentReport -->
  <testcase classname="com.sf.base.TestBase" name="@BeforeSuite iniExtentReport" time="0.0">
    <ignored/>
  </testcase> <!-- @BeforeSuite iniExtentReport -->
  <testcase classname="com.sf.base.TestBase" name="@BeforeSuite iniExtentReport" time="0.0">
    <ignored/>
  </testcase> <!-- @BeforeSuite iniExtentReport -->
  <testcase classname="com.sf.base.TestBase" name="@BeforeSuite iniExtentReport" time="0.0">
    <ignored/>
  </testcase> <!-- @BeforeSuite iniExtentReport -->
  <testcase classname="com.sf.base.TestBase" name="@BeforeSuite iniExtentReport" time="0.0">
    <ignored/>
  </testcase> <!-- @BeforeSuite iniExtentReport -->
  <testcase classname="com.sf.base.TestBase" name="@BeforeSuite iniExtentReport" time="0.0">
    <ignored/>
  </testcase> <!-- @BeforeSuite iniExtentReport -->
  <testcase classname="com.sf.base.TestBase" name="@BeforeSuite iniExtentReport" time="0.0">
    <ignored/>
  </testcase> <!-- @BeforeSuite iniExtentReport -->
  <testcase classname="com.sf.base.TestBase" name="@BeforeSuite iniExtentReport" time="0.0">
    <ignored/>
  </testcase> <!-- @BeforeSuite iniExtentReport -->
  <testcase classname="com.sf.base.TestBase" name="@BeforeSuite iniExtentReport" time="0.0">
    <ignored/>
  </testcase> <!-- @BeforeSuite iniExtentReport -->
</testsuite> <!-- Regression Test Flows -->
